{"/home/travis/build/npmtest/node-npmtest-digitalocean/test.js":{"path":"/home/travis/build/npmtest/node-npmtest-digitalocean/test.js","s":{"1":2,"2":2,"3":2,"4":2,"5":2,"6":2,"7":2,"8":1,"9":2,"10":2,"11":1,"12":1,"13":1,"14":1,"15":2,"16":2,"17":2,"18":2,"19":1,"20":1,"21":2,"22":2,"23":2,"24":1,"25":1,"26":1,"27":1,"28":1,"29":1,"30":1,"31":1,"32":1,"33":1,"34":1,"35":1,"36":1,"37":1,"38":1,"39":2,"40":2,"41":1,"42":2,"43":2,"44":1,"45":2,"46":2,"47":1,"48":2,"49":2,"50":1,"51":1,"52":1,"53":1,"54":1},"b":{"1":[2,1,1,1],"2":[1,1,1,1],"3":[1,1],"4":[1,1],"5":[1,1],"6":[1,1],"7":[1,1],"8":[1,1],"9":[1,1],"10":[1,1,1],"11":[1,1],"12":[1,1],"13":[1,1],"14":[1,1],"15":[1,1],"16":[1,1],"17":[1,1]},"f":{"1":2,"2":2,"3":2,"4":2,"5":2,"6":1,"7":1,"8":1,"9":2,"10":2,"11":2,"12":2,"13":1},"fnMap":{"1":{"name":"(anonymous_1)","line":12,"loc":{"start":{"line":12,"column":1},"end":{"line":12,"column":13}}},"2":{"name":"(anonymous_2)","line":19,"loc":{"start":{"line":19,"column":5},"end":{"line":19,"column":17}}},"3":{"name":"(anonymous_3)","line":23,"loc":{"start":{"line":23,"column":24},"end":{"line":23,"column":36}}},"4":{"name":"(anonymous_4)","line":61,"loc":{"start":{"line":61,"column":5},"end":{"line":61,"column":17}}},"5":{"name":"(anonymous_5)","line":82,"loc":{"start":{"line":82,"column":5},"end":{"line":82,"column":17}}},"6":{"name":"(anonymous_6)","line":91,"loc":{"start":{"line":91,"column":77},"end":{"line":94,"column":10}}},"7":{"name":"(anonymous_7)","line":112,"loc":{"start":{"line":112,"column":83},"end":{"line":115,"column":10}},"skip":true},"8":{"name":"(anonymous_8)","line":123,"loc":{"start":{"line":123,"column":77},"end":{"line":126,"column":10}},"skip":true},"9":{"name":"(anonymous_9)","line":139,"loc":{"start":{"line":139,"column":12},"end":{"line":139,"column":40}},"skip":true},"10":{"name":"(anonymous_10)","line":147,"loc":{"start":{"line":147,"column":77},"end":{"line":150,"column":10}},"skip":true},"11":{"name":"(anonymous_11)","line":158,"loc":{"start":{"line":158,"column":83},"end":{"line":161,"column":10}},"skip":true},"12":{"name":"(anonymous_12)","line":169,"loc":{"start":{"line":169,"column":79},"end":{"line":172,"column":10}},"skip":true},"13":{"name":"(anonymous_13)","line":180,"loc":{"start":{"line":180,"column":75},"end":{"line":183,"column":10}},"skip":true}},"statementMap":{"1":{"start":{"line":12,"column":0},"end":{"line":195,"column":5}},"2":{"start":{"line":14,"column":4},"end":{"line":14,"column":14}},"3":{"start":{"line":19,"column":4},"end":{"line":56,"column":9}},"4":{"start":{"line":21,"column":8},"end":{"line":21,"column":19}},"5":{"start":{"line":23,"column":8},"end":{"line":35,"column":13}},"6":{"start":{"line":24,"column":12},"end":{"line":34,"column":13}},"7":{"start":{"line":25,"column":16},"end":{"line":28,"column":30}},"8":{"start":{"line":30,"column":16},"end":{"line":33,"column":27}},"9":{"start":{"line":37,"column":8},"end":{"line":39,"column":21}},"10":{"start":{"line":40,"column":8},"end":{"line":53,"column":9}},"11":{"start":{"line":43,"column":12},"end":{"line":46,"column":14}},"12":{"start":{"line":47,"column":12},"end":{"line":47,"column":18}},"13":{"start":{"line":50,"column":12},"end":{"line":51,"column":33}},"14":{"start":{"line":52,"column":12},"end":{"line":52,"column":18}},"15":{"start":{"line":55,"column":8},"end":{"line":55,"column":35}},"16":{"start":{"line":61,"column":4},"end":{"line":63,"column":9}},"17":{"start":{"line":62,"column":8},"end":{"line":62,"column":15}},"18":{"start":{"line":64,"column":4},"end":{"line":77,"column":5}},"19":{"start":{"line":70,"column":8},"end":{"line":70,"column":14}},"20":{"start":{"line":76,"column":8},"end":{"line":76,"column":14}},"21":{"start":{"line":82,"column":4},"end":{"line":84,"column":9}},"22":{"start":{"line":83,"column":8},"end":{"line":83,"column":15}},"23":{"start":{"line":85,"column":4},"end":{"line":194,"column":5}},"24":{"start":{"line":91,"column":8},"end":{"line":99,"column":10}},"25":{"start":{"line":98,"column":12},"end":{"line":98,"column":35}},"26":{"start":{"line":102,"column":8},"end":{"line":104,"column":63}},"27":{"start":{"line":105,"column":8},"end":{"line":105,"column":14}},"28":{"start":{"line":112,"column":8},"end":{"line":121,"column":10},"skip":true},"29":{"start":{"line":119,"column":12},"end":{"line":119,"column":55},"skip":true},"30":{"start":{"line":120,"column":12},"end":{"line":120,"column":48},"skip":true},"31":{"start":{"line":123,"column":8},"end":{"line":136,"column":10},"skip":true},"32":{"start":{"line":130,"column":12},"end":{"line":130,"column":76},"skip":true},"33":{"start":{"line":131,"column":12},"end":{"line":131,"column":73},"skip":true},"34":{"start":{"line":132,"column":12},"end":{"line":132,"column":74},"skip":true},"35":{"start":{"line":133,"column":12},"end":{"line":133,"column":79},"skip":true},"36":{"start":{"line":134,"column":12},"end":{"line":134,"column":25},"skip":true},"37":{"start":{"line":135,"column":12},"end":{"line":135,"column":45},"skip":true},"38":{"start":{"line":138,"column":8},"end":{"line":145,"column":14},"skip":true},"39":{"start":{"line":143,"column":16},"end":{"line":143,"column":29},"skip":true},"40":{"start":{"line":144,"column":16},"end":{"line":144,"column":55},"skip":true},"41":{"start":{"line":147,"column":8},"end":{"line":156,"column":10},"skip":true},"42":{"start":{"line":154,"column":12},"end":{"line":154,"column":25},"skip":true},"43":{"start":{"line":155,"column":12},"end":{"line":155,"column":45},"skip":true},"44":{"start":{"line":158,"column":8},"end":{"line":167,"column":10},"skip":true},"45":{"start":{"line":165,"column":12},"end":{"line":165,"column":25},"skip":true},"46":{"start":{"line":166,"column":12},"end":{"line":166,"column":48},"skip":true},"47":{"start":{"line":169,"column":8},"end":{"line":178,"column":10},"skip":true},"48":{"start":{"line":176,"column":12},"end":{"line":176,"column":25},"skip":true},"49":{"start":{"line":177,"column":12},"end":{"line":177,"column":46},"skip":true},"50":{"start":{"line":180,"column":8},"end":{"line":189,"column":10},"skip":true},"51":{"start":{"line":187,"column":12},"end":{"line":187,"column":94},"skip":true},"52":{"start":{"line":188,"column":12},"end":{"line":188,"column":48},"skip":true},"53":{"start":{"line":192,"column":8},"end":{"line":192,"column":35},"skip":true},"54":{"start":{"line":193,"column":8},"end":{"line":193,"column":14},"skip":true}},"branchMap":{"1":{"line":25,"type":"binary-expr","locations":[{"start":{"line":25,"column":23},"end":{"line":25,"column":62}},{"start":{"line":26,"column":20},"end":{"line":26,"column":70}},{"start":{"line":27,"column":20},"end":{"line":27,"column":71}},{"start":{"line":28,"column":20},"end":{"line":28,"column":29}}]},"2":{"line":30,"type":"binary-expr","locations":[{"start":{"line":30,"column":23},"end":{"line":30,"column":37}},{"start":{"line":31,"column":20},"end":{"line":31,"column":61}},{"start":{"line":32,"column":20},"end":{"line":32,"column":70}},{"start":{"line":33,"column":20},"end":{"line":33,"column":26}}]},"3":{"line":37,"type":"cond-expr","locations":[{"start":{"line":38,"column":14},"end":{"line":38,"column":20}},{"start":{"line":39,"column":14},"end":{"line":39,"column":20}}]},"4":{"line":40,"type":"switch","locations":[{"start":{"line":42,"column":8},"end":{"line":47,"column":18}},{"start":{"line":49,"column":8},"end":{"line":52,"column":18}}]},"5":{"line":44,"type":"binary-expr","locations":[{"start":{"line":44,"column":16},"end":{"line":44,"column":44}},{"start":{"line":44,"column":48},"end":{"line":44,"column":66}}]},"6":{"line":50,"type":"binary-expr","locations":[{"start":{"line":50,"column":21},"end":{"line":50,"column":49}},{"start":{"line":50,"column":53},"end":{"line":50,"column":72}}]},"7":{"line":64,"type":"switch","locations":[{"start":{"line":69,"column":4},"end":{"line":70,"column":14}},{"start":{"line":75,"column":4},"end":{"line":76,"column":14}}]},"8":{"line":85,"type":"switch","locations":[{"start":{"line":90,"column":4},"end":{"line":105,"column":14}},{"start":{"line":111,"column":4},"end":{"line":193,"column":14},"skip":true}]},"9":{"line":91,"type":"binary-expr","locations":[{"start":{"line":91,"column":42},"end":{"line":91,"column":73}},{"start":{"line":91,"column":77},"end":{"line":99,"column":9}}]},"10":{"line":102,"type":"binary-expr","locations":[{"start":{"line":102,"column":18},"end":{"line":102,"column":32}},{"start":{"line":103,"column":12},"end":{"line":103,"column":53}},{"start":{"line":104,"column":12},"end":{"line":104,"column":61}}]},"11":{"line":112,"type":"binary-expr","locations":[{"start":{"line":112,"column":45},"end":{"line":112,"column":79},"skip":true},{"start":{"line":112,"column":83},"end":{"line":121,"column":9},"skip":true}]},"12":{"line":123,"type":"binary-expr","locations":[{"start":{"line":123,"column":42},"end":{"line":123,"column":73},"skip":true},{"start":{"line":123,"column":77},"end":{"line":136,"column":9},"skip":true}]},"13":{"line":138,"type":"binary-expr","locations":[{"start":{"line":138,"column":48},"end":{"line":138,"column":85},"skip":true},{"start":{"line":139,"column":12},"end":{"line":145,"column":13},"skip":true}]},"14":{"line":147,"type":"binary-expr","locations":[{"start":{"line":147,"column":42},"end":{"line":147,"column":73},"skip":true},{"start":{"line":147,"column":77},"end":{"line":156,"column":9},"skip":true}]},"15":{"line":158,"type":"binary-expr","locations":[{"start":{"line":158,"column":45},"end":{"line":158,"column":79},"skip":true},{"start":{"line":158,"column":83},"end":{"line":167,"column":9},"skip":true}]},"16":{"line":169,"type":"binary-expr","locations":[{"start":{"line":169,"column":43},"end":{"line":169,"column":75},"skip":true},{"start":{"line":169,"column":79},"end":{"line":178,"column":9},"skip":true}]},"17":{"line":180,"type":"binary-expr","locations":[{"start":{"line":180,"column":41},"end":{"line":180,"column":71},"skip":true},{"start":{"line":180,"column":75},"end":{"line":189,"column":9},"skip":true}]}},"code":["/* istanbul instrument in package npmtest_digitalocean */","/*jslint","    bitwise: true,","    browser: true,","    maxerr: 8,","    maxlen: 96,","    node: true,","    nomen: true,","    regexp: true,","    stupid: true","*/","(function () {","    'use strict';","    var local;","","","","    // run shared js-env code - init-before","    (function () {","        // init local","        local = {};","        // init modeJs","        local.modeJs = (function () {","            try {","                return typeof navigator.userAgent === 'string' &&","                    typeof document.querySelector('body') === 'object' &&","                    typeof XMLHttpRequest.prototype.open === 'function' &&","                    'browser';","            } catch (errorCaughtBrowser) {","                return module.exports &&","                    typeof process.versions.node === 'string' &&","                    typeof require('http').createServer === 'function' &&","                    'node';","            }","        }());","        // init global","        local.global = local.modeJs === 'browser'","            ? window","            : global;","        switch (local.modeJs) {","        // re-init local from window.local","        case 'browser':","            local = local.global.utility2.objectSetDefault(","                local.global.utility2_rollup || local.global.local,","                local.global.utility2","            );","            break;","        // re-init local from example.js","        case 'node':","            local = (local.global.utility2_rollup || require('utility2'))","                .requireReadme();","            break;","        }","        // export local","        local.global.local = local;","    }());","","","","    // run shared js-env code - function","    (function () {","        return;","    }());","    switch (local.modeJs) {","","","","    // run browser js-env code - function","    case 'browser':","        break;","","","","    // run node js-env code - function","    case 'node':","        break;","    }","","","","    // run shared js-env code - init-after","    (function () {","        return;","    }());","    switch (local.modeJs) {","","","","    // run browser js-env code - init-after","    case 'browser':","        local.testCase_browser_nullCase = local.testCase_browser_nullCase || function (","            options,","            onError","        ) {","        /*","         * this function will test browsers's null-case handling-behavior-behavior","         */","            onError(null, options);","        };","","        // run tests","        local.nop(local.modeTest &&","            document.querySelector('#testRunButton1') &&","            document.querySelector('#testRunButton1').click());","        break;","","","","    // run node js-env code - init-after","    /* istanbul ignore next */","    case 'node':","        local.testCase_buildApidoc_default = local.testCase_buildApidoc_default || function (","            options,","            onError","        ) {","        /*","         * this function will test buildApidoc's default handling-behavior-behavior","         */","            options = { modulePathList: module.paths };","            local.buildApidoc(options, onError);","        };","","        local.testCase_buildApp_default = local.testCase_buildApp_default || function (","            options,","            onError","        ) {","        /*","         * this function will test buildApp's default handling-behavior-behavior","         */","            local.testCase_buildReadme_default(options, local.onErrorThrow);","            local.testCase_buildLib_default(options, local.onErrorThrow);","            local.testCase_buildTest_default(options, local.onErrorThrow);","            local.testCase_buildCustomOrg_default(options, local.onErrorThrow);","            options = [];","            local.buildApp(options, onError);","        };","","        local.testCase_buildCustomOrg_default = local.testCase_buildCustomOrg_default ||","            function (options, onError) {","            /*","             * this function will test buildCustomOrg's default handling-behavior","             */","                options = {};","                local.buildCustomOrg(options, onError);","            };","","        local.testCase_buildLib_default = local.testCase_buildLib_default || function (","            options,","            onError","        ) {","        /*","         * this function will test buildLib's default handling-behavior","         */","            options = {};","            local.buildLib(options, onError);","        };","","        local.testCase_buildReadme_default = local.testCase_buildReadme_default || function (","            options,","            onError","        ) {","        /*","         * this function will test buildReadme's default handling-behavior-behavior","         */","            options = {};","            local.buildReadme(options, onError);","        };","","        local.testCase_buildTest_default = local.testCase_buildTest_default || function (","            options,","            onError","        ) {","        /*","         * this function will test buildTest's default handling-behavior","         */","            options = {};","            local.buildTest(options, onError);","        };","","        local.testCase_webpage_default = local.testCase_webpage_default || function (","            options,","            onError","        ) {","        /*","         * this function will test webpage's default handling-behavior","         */","            options = { modeCoverageMerge: true, url: local.serverLocalHost + '?modeTest=1' };","            local.browserTest(options, onError);","        };","","        // run test-server","        local.testRunServer(local);","        break;","    }","}());",""],"l":{"12":2,"14":2,"19":2,"21":2,"23":2,"24":2,"25":2,"30":1,"37":2,"40":2,"43":1,"47":1,"50":1,"52":1,"55":2,"61":2,"62":2,"64":2,"70":1,"76":1,"82":2,"83":2,"85":2,"91":1,"98":1,"102":1,"105":1,"112":1,"119":1,"120":1,"123":1,"130":1,"131":1,"132":1,"133":1,"134":1,"135":1,"138":1,"143":2,"144":2,"147":1,"154":2,"155":2,"158":1,"165":2,"166":2,"169":1,"176":2,"177":2,"180":1,"187":1,"188":1,"192":1,"193":1}},"/home/travis/build/npmtest/node-npmtest-digitalocean/lib.npmtest_digitalocean.js":{"path":"/home/travis/build/npmtest/node-npmtest-digitalocean/lib.npmtest_digitalocean.js","s":{"1":2,"2":2,"3":2,"4":2,"5":2,"6":2,"7":2,"8":1,"9":2,"10":2,"11":2,"12":2,"13":1,"14":1,"15":1,"16":1},"b":{"1":[2,1,1,1],"2":[1,1,1,1],"3":[1,1],"4":[2,2],"5":[1,1]},"f":{"1":2,"2":2,"3":2},"fnMap":{"1":{"name":"(anonymous_1)","line":12,"loc":{"start":{"line":12,"column":1},"end":{"line":12,"column":13}}},"2":{"name":"(anonymous_2)","line":19,"loc":{"start":{"line":19,"column":5},"end":{"line":19,"column":17}}},"3":{"name":"(anonymous_3)","line":23,"loc":{"start":{"line":23,"column":24},"end":{"line":23,"column":36}}}},"statementMap":{"1":{"start":{"line":12,"column":0},"end":{"line":53,"column":5}},"2":{"start":{"line":14,"column":4},"end":{"line":14,"column":14}},"3":{"start":{"line":19,"column":4},"end":{"line":52,"column":9}},"4":{"start":{"line":21,"column":8},"end":{"line":21,"column":19}},"5":{"start":{"line":23,"column":8},"end":{"line":35,"column":13}},"6":{"start":{"line":24,"column":12},"end":{"line":34,"column":13}},"7":{"start":{"line":25,"column":16},"end":{"line":28,"column":30}},"8":{"start":{"line":30,"column":16},"end":{"line":33,"column":27}},"9":{"start":{"line":37,"column":8},"end":{"line":39,"column":21}},"10":{"start":{"line":41,"column":8},"end":{"line":41,"column":54}},"11":{"start":{"line":43,"column":8},"end":{"line":43,"column":57}},"12":{"start":{"line":45,"column":8},"end":{"line":51,"column":9}},"13":{"start":{"line":46,"column":12},"end":{"line":46,"column":63}},"14":{"start":{"line":48,"column":12},"end":{"line":48,"column":35}},"15":{"start":{"line":49,"column":12},"end":{"line":49,"column":49}},"16":{"start":{"line":50,"column":12},"end":{"line":50,"column":43}}},"branchMap":{"1":{"line":25,"type":"binary-expr","locations":[{"start":{"line":25,"column":23},"end":{"line":25,"column":62}},{"start":{"line":26,"column":20},"end":{"line":26,"column":70}},{"start":{"line":27,"column":20},"end":{"line":27,"column":71}},{"start":{"line":28,"column":20},"end":{"line":28,"column":29}}]},"2":{"line":30,"type":"binary-expr","locations":[{"start":{"line":30,"column":23},"end":{"line":30,"column":37}},{"start":{"line":31,"column":20},"end":{"line":31,"column":61}},{"start":{"line":32,"column":20},"end":{"line":32,"column":70}},{"start":{"line":33,"column":20},"end":{"line":33,"column":26}}]},"3":{"line":37,"type":"cond-expr","locations":[{"start":{"line":38,"column":14},"end":{"line":38,"column":20}},{"start":{"line":39,"column":14},"end":{"line":39,"column":20}}]},"4":{"line":41,"type":"binary-expr","locations":[{"start":{"line":41,"column":16},"end":{"line":41,"column":44}},{"start":{"line":41,"column":48},"end":{"line":41,"column":53}}]},"5":{"line":45,"type":"if","locations":[{"start":{"line":45,"column":8},"end":{"line":45,"column":8}},{"start":{"line":45,"column":8},"end":{"line":45,"column":8}}]}},"code":["/* istanbul instrument in package npmtest_digitalocean */","/*jslint","    bitwise: true,","    browser: true,","    maxerr: 8,","    maxlen: 96,","    node: true,","    nomen: true,","    regexp: true,","    stupid: true","*/","(function () {","    'use strict';","    var local;","","","","    // run shared js-env code - init-before","    (function () {","        // init local","        local = {};","        // init modeJs","        local.modeJs = (function () {","            try {","                return typeof navigator.userAgent === 'string' &&","                    typeof document.querySelector('body') === 'object' &&","                    typeof XMLHttpRequest.prototype.open === 'function' &&","                    'browser';","            } catch (errorCaughtBrowser) {","                return module.exports &&","                    typeof process.versions.node === 'string' &&","                    typeof require('http').createServer === 'function' &&","                    'node';","            }","        }());","        // init global","        local.global = local.modeJs === 'browser'","            ? window","            : global;","        // init utility2_rollup","        local = local.global.utility2_rollup || local;","        // init lib","        local.local = local.npmtest_digitalocean = local;","        // init exports","        if (local.modeJs === 'browser') {","            local.global.utility2_npmtest_digitalocean = local;","        } else {","            module.exports = local;","            module.exports.__dirname = __dirname;","            module.exports.module = module;","        }","    }());","}());",""],"l":{"12":2,"14":2,"19":2,"21":2,"23":2,"24":2,"25":2,"30":1,"37":2,"41":2,"43":2,"45":2,"46":1,"48":1,"49":1,"50":1}},"/home/travis/build/npmtest/node-npmtest-digitalocean/example.js":{"path":"/home/travis/build/npmtest/node-npmtest-digitalocean/example.js","s":{"1":2,"2":2,"3":2,"4":2,"5":2,"6":2,"7":2,"8":1,"9":2,"10":2,"11":2,"12":2,"13":1,"14":2,"15":2,"16":2,"17":2,"18":2,"19":0,"20":2,"21":1,"22":1,"23":1,"24":1,"25":1,"26":0,"27":0,"28":1,"29":1,"30":2,"31":0,"32":0,"33":0,"34":1,"35":2,"36":2,"37":3,"38":3,"39":3,"40":3,"41":0,"42":3,"43":3,"44":3,"45":1,"46":3,"47":1,"48":1,"49":1,"50":1,"51":1,"52":1,"53":1,"54":1,"55":1,"56":1,"57":0,"58":1,"59":6,"60":6,"61":1,"62":2,"63":0,"64":2,"65":1,"66":1,"67":0,"68":0,"69":0,"70":0,"71":0,"72":0,"73":0,"74":0,"75":0,"76":0,"77":0,"78":0,"79":0,"80":0,"81":0,"82":0,"83":0},"b":{"1":[2,1,1,1],"2":[1,1,1,1],"3":[1,1],"4":[2,2],"5":[1,1],"6":[1,1],"7":[2,0],"8":[2,1,1,1,1,1],"9":[0,2,0],"10":[1,1],"11":[2,1,1],"12":[1,0],"13":[0,2],"14":[2,0,0,0,0,0,0],"15":[0,3],"16":[3,0],"17":[1,1],"18":[0,1],"19":[1,2,0,2],"20":[1,0],"21":[1,1],"22":[0,0],"23":[0,0],"24":[0,0],"25":[0,0],"26":[0,0],"27":[0,0],"28":[0,0]},"f":{"1":2,"2":2,"3":2,"4":2,"5":2,"6":2,"7":3,"8":3,"9":3,"10":1,"11":6,"12":0},"fnMap":{"1":{"name":"(anonymous_1)","line":26,"loc":{"start":{"line":26,"column":1},"end":{"line":26,"column":13}}},"2":{"name":"(anonymous_2)","line":33,"loc":{"start":{"line":33,"column":5},"end":{"line":33,"column":17}}},"3":{"name":"(anonymous_3)","line":37,"loc":{"start":{"line":37,"column":24},"end":{"line":37,"column":36}}},"4":{"name":"(anonymous_4)","line":69,"loc":{"start":{"line":69,"column":31},"end":{"line":69,"column":48}},"skip":true},"5":{"name":"(anonymous_5)","line":78,"loc":{"start":{"line":78,"column":26},"end":{"line":78,"column":45}},"skip":true},"6":{"name":"(anonymous_6)","line":123,"loc":{"start":{"line":123,"column":33},"end":{"line":123,"column":48}},"skip":true},"7":{"name":"(anonymous_7)","line":125,"loc":{"start":{"line":125,"column":27},"end":{"line":125,"column":39}},"skip":true},"8":{"name":"(anonymous_8)","line":133,"loc":{"start":{"line":133,"column":59},"end":{"line":133,"column":74}},"skip":true},"9":{"name":"(anonymous_9)","line":143,"loc":{"start":{"line":143,"column":45},"end":{"line":143,"column":62}},"skip":true},"10":{"name":"(anonymous_10)","line":144,"loc":{"start":{"line":144,"column":73},"end":{"line":144,"column":92}},"skip":true},"11":{"name":"(anonymous_11)","line":272,"loc":{"start":{"line":272,"column":51},"end":{"line":272,"column":77}},"skip":true},"12":{"name":"(anonymous_12)","line":315,"loc":{"start":{"line":315,"column":32},"end":{"line":315,"column":61}},"skip":true}},"statementMap":{"1":{"start":{"line":26,"column":0},"end":{"line":326,"column":5}},"2":{"start":{"line":28,"column":4},"end":{"line":28,"column":14}},"3":{"start":{"line":33,"column":4},"end":{"line":60,"column":9}},"4":{"start":{"line":35,"column":8},"end":{"line":35,"column":19}},"5":{"start":{"line":37,"column":8},"end":{"line":49,"column":13}},"6":{"start":{"line":38,"column":12},"end":{"line":48,"column":13}},"7":{"start":{"line":39,"column":16},"end":{"line":42,"column":30}},"8":{"start":{"line":44,"column":16},"end":{"line":47,"column":27}},"9":{"start":{"line":51,"column":8},"end":{"line":53,"column":21}},"10":{"start":{"line":55,"column":8},"end":{"line":57,"column":45}},"11":{"start":{"line":59,"column":8},"end":{"line":59,"column":35}},"12":{"start":{"line":61,"column":4},"end":{"line":325,"column":5}},"13":{"start":{"line":69,"column":8},"end":{"line":121,"column":10},"skip":true},"14":{"start":{"line":70,"column":12},"end":{"line":88,"column":13},"skip":true},"15":{"start":{"line":76,"column":16},"end":{"line":87,"column":19},"skip":true},"16":{"start":{"line":79,"column":20},"end":{"line":86,"column":21},"skip":true},"17":{"start":{"line":82,"column":24},"end":{"line":82,"column":43},"skip":true},"18":{"start":{"line":83,"column":24},"end":{"line":83,"column":30},"skip":true},"19":{"start":{"line":85,"column":24},"end":{"line":85,"column":49},"skip":true},"20":{"start":{"line":89,"column":12},"end":{"line":107,"column":13},"skip":true},"21":{"start":{"line":92,"column":16},"end":{"line":102,"column":17},"skip":true},"22":{"start":{"line":93,"column":20},"end":{"line":93,"column":86},"skip":true},"23":{"start":{"line":94,"column":20},"end":{"line":95,"column":45},"skip":true},"24":{"start":{"line":96,"column":20},"end":{"line":96,"column":42},"skip":true},"25":{"start":{"line":97,"column":20},"end":{"line":97,"column":48},"skip":true},"26":{"start":{"line":100,"column":20},"end":{"line":100,"column":85},"skip":true},"27":{"start":{"line":101,"column":20},"end":{"line":101,"column":96},"skip":true},"28":{"start":{"line":103,"column":16},"end":{"line":103,"column":22},"skip":true},"29":{"start":{"line":106,"column":16},"end":{"line":106,"column":22},"skip":true},"30":{"start":{"line":108,"column":12},"end":{"line":120,"column":13},"skip":true},"31":{"start":{"line":114,"column":16},"end":{"line":119,"column":17},"skip":true},"32":{"start":{"line":116,"column":20},"end":{"line":116,"column":78},"skip":true},"33":{"start":{"line":118,"column":20},"end":{"line":118,"column":47},"skip":true},"34":{"start":{"line":123,"column":8},"end":{"line":141,"column":11},"skip":true},"35":{"start":{"line":124,"column":12},"end":{"line":124,"column":54},"skip":true},"36":{"start":{"line":125,"column":12},"end":{"line":140,"column":14},"skip":true},"37":{"start":{"line":126,"column":16},"end":{"line":126,"column":28},"skip":true},"38":{"start":{"line":127,"column":16},"end":{"line":127,"column":69},"skip":true},"39":{"start":{"line":128,"column":16},"end":{"line":128,"column":75},"skip":true},"40":{"start":{"line":129,"column":16},"end":{"line":131,"column":17},"skip":true},"41":{"start":{"line":130,"column":20},"end":{"line":130,"column":27},"skip":true},"42":{"start":{"line":133,"column":16},"end":{"line":137,"column":36},"skip":true},"43":{"start":{"line":134,"column":20},"end":{"line":136,"column":55},"skip":true},"44":{"start":{"line":139,"column":16},"end":{"line":139,"column":57},"skip":true},"45":{"start":{"line":143,"column":8},"end":{"line":147,"column":11},"skip":true},"46":{"start":{"line":144,"column":12},"end":{"line":146,"column":15},"skip":true},"47":{"start":{"line":145,"column":16},"end":{"line":145,"column":70},"skip":true},"48":{"start":{"line":149,"column":8},"end":{"line":149,"column":31},"skip":true},"49":{"start":{"line":150,"column":8},"end":{"line":150,"column":14},"skip":true},"50":{"start":{"line":158,"column":8},"end":{"line":158,"column":31},"skip":true},"51":{"start":{"line":160,"column":8},"end":{"line":160,"column":33},"skip":true},"52":{"start":{"line":161,"column":8},"end":{"line":161,"column":37},"skip":true},"53":{"start":{"line":162,"column":8},"end":{"line":162,"column":35},"skip":true},"54":{"start":{"line":164,"column":8},"end":{"line":164,"column":50},"skip":true},"55":{"start":{"line":166,"column":8},"end":{"line":256,"column":2},"skip":true},"56":{"start":{"line":258,"column":8},"end":{"line":286,"column":9},"skip":true},"57":{"start":{"line":259,"column":12},"end":{"line":269,"column":14},"skip":true},"58":{"start":{"line":271,"column":12},"end":{"line":285,"column":19},"skip":true},"59":{"start":{"line":274,"column":20},"end":{"line":274,"column":35},"skip":true},"60":{"start":{"line":275,"column":20},"end":{"line":284,"column":21},"skip":true},"61":{"start":{"line":277,"column":24},"end":{"line":277,"column":64},"skip":true},"62":{"start":{"line":279,"column":24},"end":{"line":279,"column":40},"skip":true},"63":{"start":{"line":281,"column":24},"end":{"line":281,"column":40},"skip":true},"64":{"start":{"line":283,"column":24},"end":{"line":283,"column":39},"skip":true},"65":{"start":{"line":288,"column":8},"end":{"line":290,"column":9},"skip":true},"66":{"start":{"line":289,"column":12},"end":{"line":289,"column":18},"skip":true},"67":{"start":{"line":291,"column":8},"end":{"line":293,"column":54},"skip":true},"68":{"start":{"line":296,"column":8},"end":{"line":301,"column":37},"skip":true},"69":{"start":{"line":303,"column":8},"end":{"line":303,"column":82},"skip":true},"70":{"start":{"line":306,"column":8},"end":{"line":308,"column":9},"skip":true},"71":{"start":{"line":307,"column":12},"end":{"line":307,"column":82},"skip":true},"72":{"start":{"line":310,"column":8},"end":{"line":312,"column":9},"skip":true},"73":{"start":{"line":311,"column":12},"end":{"line":311,"column":18},"skip":true},"74":{"start":{"line":313,"column":8},"end":{"line":313,"column":54},"skip":true},"75":{"start":{"line":314,"column":8},"end":{"line":314,"column":69},"skip":true},"76":{"start":{"line":315,"column":8},"end":{"line":323,"column":36},"skip":true},"77":{"start":{"line":316,"column":12},"end":{"line":316,"column":61},"skip":true},"78":{"start":{"line":317,"column":12},"end":{"line":320,"column":13},"skip":true},"79":{"start":{"line":318,"column":16},"end":{"line":318,"column":75},"skip":true},"80":{"start":{"line":319,"column":16},"end":{"line":319,"column":23},"skip":true},"81":{"start":{"line":321,"column":12},"end":{"line":321,"column":38},"skip":true},"82":{"start":{"line":322,"column":12},"end":{"line":322,"column":27},"skip":true},"83":{"start":{"line":324,"column":8},"end":{"line":324,"column":14},"skip":true}},"branchMap":{"1":{"line":39,"type":"binary-expr","locations":[{"start":{"line":39,"column":23},"end":{"line":39,"column":62}},{"start":{"line":40,"column":20},"end":{"line":40,"column":70}},{"start":{"line":41,"column":20},"end":{"line":41,"column":71}},{"start":{"line":42,"column":20},"end":{"line":42,"column":29}}]},"2":{"line":44,"type":"binary-expr","locations":[{"start":{"line":44,"column":23},"end":{"line":44,"column":37}},{"start":{"line":45,"column":20},"end":{"line":45,"column":61}},{"start":{"line":46,"column":20},"end":{"line":46,"column":70}},{"start":{"line":47,"column":20},"end":{"line":47,"column":26}}]},"3":{"line":51,"type":"cond-expr","locations":[{"start":{"line":52,"column":14},"end":{"line":52,"column":20}},{"start":{"line":53,"column":14},"end":{"line":53,"column":20}}]},"4":{"line":55,"type":"binary-expr","locations":[{"start":{"line":55,"column":16},"end":{"line":55,"column":44}},{"start":{"line":55,"column":49},"end":{"line":57,"column":43}}]},"5":{"line":55,"type":"cond-expr","locations":[{"start":{"line":56,"column":14},"end":{"line":56,"column":56}},{"start":{"line":57,"column":14},"end":{"line":57,"column":43}}]},"6":{"line":61,"type":"switch","locations":[{"start":{"line":68,"column":4},"end":{"line":150,"column":14},"skip":true},{"start":{"line":156,"column":4},"end":{"line":324,"column":14},"skip":true}]},"7":{"line":70,"type":"if","locations":[{"start":{"line":70,"column":12},"end":{"line":70,"column":12},"skip":true},{"start":{"line":70,"column":12},"end":{"line":70,"column":12},"skip":true}]},"8":{"line":70,"type":"binary-expr","locations":[{"start":{"line":70,"column":16},"end":{"line":70,"column":22},"skip":true},{"start":{"line":70,"column":27},"end":{"line":70,"column":32},"skip":true},{"start":{"line":71,"column":20},"end":{"line":71,"column":39},"skip":true},{"start":{"line":72,"column":20},"end":{"line":72,"column":49},"skip":true},{"start":{"line":73,"column":20},"end":{"line":73,"column":58},"skip":true},{"start":{"line":74,"column":20},"end":{"line":74,"column":69},"skip":true}]},"9":{"line":79,"type":"switch","locations":[{"start":{"line":80,"column":20},"end":{"line":80,"column":33},"skip":true},{"start":{"line":81,"column":20},"end":{"line":83,"column":30},"skip":true},{"start":{"line":84,"column":20},"end":{"line":85,"column":49},"skip":true}]},"10":{"line":89,"type":"switch","locations":[{"start":{"line":90,"column":12},"end":{"line":103,"column":22},"skip":true},{"start":{"line":105,"column":12},"end":{"line":106,"column":22},"skip":true}]},"11":{"line":89,"type":"binary-expr","locations":[{"start":{"line":89,"column":20},"end":{"line":89,"column":25},"skip":true},{"start":{"line":89,"column":29},"end":{"line":89,"column":48},"skip":true},{"start":{"line":89,"column":52},"end":{"line":89,"column":74},"skip":true}]},"12":{"line":92,"type":"if","locations":[{"start":{"line":92,"column":16},"end":{"line":92,"column":16},"skip":true},{"start":{"line":92,"column":16},"end":{"line":92,"column":16},"skip":true}]},"13":{"line":108,"type":"if","locations":[{"start":{"line":108,"column":12},"end":{"line":108,"column":12},"skip":true},{"start":{"line":108,"column":12},"end":{"line":108,"column":12},"skip":true}]},"14":{"line":108,"type":"binary-expr","locations":[{"start":{"line":108,"column":16},"end":{"line":108,"column":61},"skip":true},{"start":{"line":108,"column":66},"end":{"line":108,"column":72},"skip":true},{"start":{"line":108,"column":77},"end":{"line":108,"column":82},"skip":true},{"start":{"line":109,"column":20},"end":{"line":109,"column":39},"skip":true},{"start":{"line":110,"column":20},"end":{"line":110,"column":49},"skip":true},{"start":{"line":111,"column":20},"end":{"line":111,"column":58},"skip":true},{"start":{"line":112,"column":20},"end":{"line":112,"column":68},"skip":true}]},"15":{"line":129,"type":"if","locations":[{"start":{"line":129,"column":16},"end":{"line":129,"column":16},"skip":true},{"start":{"line":129,"column":16},"end":{"line":129,"column":16},"skip":true}]},"16":{"line":134,"type":"cond-expr","locations":[{"start":{"line":135,"column":26},"end":{"line":135,"column":29},"skip":true},{"start":{"line":136,"column":26},"end":{"line":136,"column":54},"skip":true}]},"17":{"line":164,"type":"binary-expr","locations":[{"start":{"line":164,"column":27},"end":{"line":164,"column":43},"skip":true},{"start":{"line":164,"column":47},"end":{"line":164,"column":49},"skip":true}]},"18":{"line":258,"type":"if","locations":[{"start":{"line":258,"column":8},"end":{"line":258,"column":8},"skip":true},{"start":{"line":258,"column":8},"end":{"line":258,"column":8},"skip":true}]},"19":{"line":275,"type":"switch","locations":[{"start":{"line":276,"column":20},"end":{"line":277,"column":64},"skip":true},{"start":{"line":278,"column":20},"end":{"line":279,"column":40},"skip":true},{"start":{"line":280,"column":20},"end":{"line":281,"column":40},"skip":true},{"start":{"line":282,"column":20},"end":{"line":283,"column":39},"skip":true}]},"20":{"line":288,"type":"if","locations":[{"start":{"line":288,"column":8},"end":{"line":288,"column":8},"skip":true},{"start":{"line":288,"column":8},"end":{"line":288,"column":8},"skip":true}]},"21":{"line":288,"type":"binary-expr","locations":[{"start":{"line":288,"column":12},"end":{"line":288,"column":40},"skip":true},{"start":{"line":288,"column":44},"end":{"line":288,"column":67},"skip":true}]},"22":{"line":292,"type":"binary-expr","locations":[{"start":{"line":292,"column":12},"end":{"line":292,"column":50},"skip":true},{"start":{"line":293,"column":12},"end":{"line":293,"column":53},"skip":true}]},"23":{"line":297,"type":"binary-expr","locations":[{"start":{"line":297,"column":12},"end":{"line":297,"column":70},"skip":true},{"start":{"line":298,"column":12},"end":{"line":301,"column":36},"skip":true}]},"24":{"line":303,"type":"binary-expr","locations":[{"start":{"line":303,"column":43},"end":{"line":303,"column":75},"skip":true},{"start":{"line":303,"column":79},"end":{"line":303,"column":81},"skip":true}]},"25":{"line":306,"type":"if","locations":[{"start":{"line":306,"column":8},"end":{"line":306,"column":8},"skip":true},{"start":{"line":306,"column":8},"end":{"line":306,"column":8},"skip":true}]},"26":{"line":310,"type":"if","locations":[{"start":{"line":310,"column":8},"end":{"line":310,"column":8},"skip":true},{"start":{"line":310,"column":8},"end":{"line":310,"column":8},"skip":true}]},"27":{"line":313,"type":"binary-expr","locations":[{"start":{"line":313,"column":27},"end":{"line":313,"column":43},"skip":true},{"start":{"line":313,"column":47},"end":{"line":313,"column":53},"skip":true}]},"28":{"line":317,"type":"if","locations":[{"start":{"line":317,"column":12},"end":{"line":317,"column":12},"skip":true},{"start":{"line":317,"column":12},"end":{"line":317,"column":12},"skip":true}]}},"code":["/*","example.js","","quickstart example","","instruction","    1. save this script as example.js","    2. run the shell command:","        $ npm install npmtest-digitalocean && PORT=8081 node example.js","    3. play with the browser-demo on http://127.0.0.1:8081","*/","","","","/* istanbul instrument in package npmtest_digitalocean */","/*jslint","    bitwise: true,","    browser: true,","    maxerr: 8,","    maxlen: 96,","    node: true,","    nomen: true,","    regexp: true,","    stupid: true","*/","(function () {","    'use strict';","    var local;","","","","    // run shared js-env code - init-before","    (function () {","        // init local","        local = {};","        // init modeJs","        local.modeJs = (function () {","            try {","                return typeof navigator.userAgent === 'string' &&","                    typeof document.querySelector('body') === 'object' &&","                    typeof XMLHttpRequest.prototype.open === 'function' &&","                    'browser';","            } catch (errorCaughtBrowser) {","                return module.exports &&","                    typeof process.versions.node === 'string' &&","                    typeof require('http').createServer === 'function' &&","                    'node';","            }","        }());","        // init global","        local.global = local.modeJs === 'browser'","            ? window","            : global;","        // init utility2_rollup","        local = local.global.utility2_rollup || (local.modeJs === 'browser'","            ? local.global.utility2_npmtest_digitalocean","            : global.utility2_moduleExports);","        // export local","        local.global.local = local;","    }());","    switch (local.modeJs) {","","","","    // init-after","    // run browser js-env code - init-after","    /* istanbul ignore next */","    case 'browser':","        local.testRunBrowser = function (event) {","            if (!event || (event &&","                    event.currentTarget &&","                    event.currentTarget.className &&","                    event.currentTarget.className.includes &&","                    event.currentTarget.className.includes('onreset'))) {","                // reset output","                Array.from(","                    document.querySelectorAll('body > .resettable')","                ).forEach(function (element) {","                    switch (element.tagName) {","                    case 'INPUT':","                    case 'TEXTAREA':","                        element.value = '';","                        break;","                    default:","                        element.textContent = '';","                    }","                });","            }","            switch (event && event.currentTarget && event.currentTarget.id) {","            case 'testRunButton1':","                // show tests","                if (document.querySelector('#testReportDiv1').style.display === 'none') {","                    document.querySelector('#testReportDiv1').style.display = 'block';","                    document.querySelector('#testRunButton1').textContent =","                        'hide internal test';","                    local.modeTest = true;","                    local.testRunDefault(local);","                // hide tests","                } else {","                    document.querySelector('#testReportDiv1').style.display = 'none';","                    document.querySelector('#testRunButton1').textContent = 'run internal test';","                }","                break;","            // custom-case","            default:","                break;","            }","            if (document.querySelector('#inputTextareaEval1') && (!event || (event &&","                    event.currentTarget &&","                    event.currentTarget.className &&","                    event.currentTarget.className.includes &&","                    event.currentTarget.className.includes('oneval')))) {","                // try to eval input-code","                try {","                    /*jslint evil: true*/","                    eval(document.querySelector('#inputTextareaEval1').value);","                } catch (errorCaught) {","                    console.error(errorCaught);","                }","            }","        };","        // log stderr and stdout to #outputTextareaStdout1","        ['error', 'log'].forEach(function (key) {","            console[key + '_original'] = console[key];","            console[key] = function () {","                var element;","                console[key + '_original'].apply(console, arguments);","                element = document.querySelector('#outputTextareaStdout1');","                if (!element) {","                    return;","                }","                // append text to #outputTextareaStdout1","                element.value += Array.from(arguments).map(function (arg) {","                    return typeof arg === 'string'","                        ? arg","                        : JSON.stringify(arg, null, 4);","                }).join(' ') + '\\n';","                // scroll textarea to bottom","                element.scrollTop = element.scrollHeight;","            };","        });","        // init event-handling","        ['change', 'click', 'keyup'].forEach(function (event) {","            Array.from(document.querySelectorAll('.on' + event)).forEach(function (element) {","                element.addEventListener(event, local.testRunBrowser);","            });","        });","        // run tests","        local.testRunBrowser();","        break;","","","","    // run node js-env code - init-after","    /* istanbul ignore next */","    case 'node':","        // export local","        module.exports = local;","        // require modules","        local.fs = require('fs');","        local.http = require('http');","        local.url = require('url');","        // init assets","        local.assetsDict = local.assetsDict || {};","        /* jslint-ignore-begin */","        local.assetsDict['/assets.index.template.html'] = '\\","<!doctype html>\\n\\","<html lang=\"en\">\\n\\","<head>\\n\\","<meta charset=\"UTF-8\">\\n\\","<meta name=\"viewport\" content=\"width=device-width, initial-scale=1\">\\n\\","<title>{{env.npm_package_name}} (v{{env.npm_package_version}})</title>\\n\\","<style>\\n\\","/*csslint\\n\\","    box-sizing: false,\\n\\","    universal-selector: false\\n\\","*/\\n\\","* {\\n\\","    box-sizing: border-box;\\n\\","}\\n\\","body {\\n\\","    background: #dde;\\n\\","    font-family: Arial, Helvetica, sans-serif;\\n\\","    margin: 2rem;\\n\\","}\\n\\","body > * {\\n\\","    margin-bottom: 1rem;\\n\\","}\\n\\",".utility2FooterDiv {\\n\\","    margin-top: 20px;\\n\\","    text-align: center;\\n\\","}\\n\\","</style>\\n\\","<style>\\n\\","/*csslint\\n\\","*/\\n\\","textarea {\\n\\","    font-family: monospace;\\n\\","    height: 10rem;\\n\\","    width: 100%;\\n\\","}\\n\\","textarea[readonly] {\\n\\","    background: #ddd;\\n\\","}\\n\\","</style>\\n\\","</head>\\n\\","<body>\\n\\","<!-- utility2-comment\\n\\","<div id=\"ajaxProgressDiv1\" style=\"background: #d00; height: 2px; left: 0; margin: 0; padding: 0; position: fixed; top: 0; transition: background 0.5s, width 1.5s; width: 25%;\"></div>\\n\\","utility2-comment -->\\n\\","<h1>\\n\\","<!-- utility2-comment\\n\\","    <a\\n\\","        {{#if env.npm_package_homepage}}\\n\\","        href=\"{{env.npm_package_homepage}}\"\\n\\","        {{/if env.npm_package_homepage}}\\n\\","        target=\"_blank\"\\n\\","    >\\n\\","utility2-comment -->\\n\\","        {{env.npm_package_name}} (v{{env.npm_package_version}})\\n\\","<!-- utility2-comment\\n\\","    </a>\\n\\","utility2-comment -->\\n\\","</h1>\\n\\","<h3>{{env.npm_package_description}}</h3>\\n\\","<!-- utility2-comment\\n\\","<h4><a download href=\"assets.app.js\">download standalone app</a></h4>\\n\\","<button class=\"onclick onreset\" id=\"testRunButton1\">run internal test</button><br>\\n\\","<div id=\"testReportDiv1\" style=\"display: none;\"></div>\\n\\","utility2-comment -->\\n\\","\\n\\","\\n\\","\\n\\","<label>stderr and stdout</label>\\n\\","<textarea class=\"resettable\" id=\"outputTextareaStdout1\" readonly></textarea>\\n\\","<!-- utility2-comment\\n\\","{{#if isRollup}}\\n\\","<script src=\"assets.app.js\"></script>\\n\\","{{#unless isRollup}}\\n\\","utility2-comment -->\\n\\","<script src=\"assets.utility2.rollup.js\"></script>\\n\\","<script src=\"jsonp.utility2._stateInit?callback=window.utility2._stateInit\"></script>\\n\\","<script src=\"assets.npmtest_digitalocean.rollup.js\"></script>\\n\\","<script src=\"assets.example.js\"></script>\\n\\","<script src=\"assets.test.js\"></script>\\n\\","<!-- utility2-comment\\n\\","{{/if isRollup}}\\n\\","utility2-comment -->\\n\\","<div class=\"utility2FooterDiv\">\\n\\","    [ this app was created with\\n\\","    <a href=\"https://github.com/kaizhu256/node-utility2\" target=\"_blank\">utility2</a>\\n\\","    ]\\n\\","</div>\\n\\","</body>\\n\\","</html>\\n\\","';","        /* jslint-ignore-end */","        if (local.templateRender) {","            local.assetsDict['/'] = local.templateRender(","                local.assetsDict['/assets.index.template.html'],","                {","                    env: local.objectSetDefault(local.env, {","                        npm_package_description: 'the greatest app in the world!',","                        npm_package_name: 'my-app',","                        npm_package_nameAlias: 'my_app',","                        npm_package_version: '0.0.1'","                    })","                }","            );","        } else {","            local.assetsDict['/'] = local.assetsDict['/assets.index.template.html']","                .replace((/\\{\\{env\\.(\\w+?)\\}\\}/g), function (match0, match1) {","                    // jslint-hack","                    String(match0);","                    switch (match1) {","                    case 'npm_package_description':","                        return 'the greatest app in the world!';","                    case 'npm_package_name':","                        return 'my-app';","                    case 'npm_package_nameAlias':","                        return 'my_app';","                    case 'npm_package_version':","                        return '0.0.1';","                    }","                });","        }","        // run the cli","        if (local.global.utility2_rollup || module !== require.main) {","            break;","        }","        local.assetsDict['/assets.example.js'] =","            local.assetsDict['/assets.example.js'] ||","            local.fs.readFileSync(__filename, 'utf8');","        // bug-workaround - long $npm_package_buildCustomOrg","        /* jslint-ignore-begin */","        local.assetsDict['/assets.npmtest_digitalocean.rollup.js'] =","            local.assetsDict['/assets.npmtest_digitalocean.rollup.js'] ||","            local.fs.readFileSync(","                local.npmtest_digitalocean.__dirname + '/lib.npmtest_digitalocean.js',","                'utf8'","            ).replace((/^#!/), '//');","        /* jslint-ignore-end */","        local.assetsDict['/favicon.ico'] = local.assetsDict['/favicon.ico'] || '';","        // if $npm_config_timeout_exit exists,","        // then exit this process after $npm_config_timeout_exit ms","        if (Number(process.env.npm_config_timeout_exit)) {","            setTimeout(process.exit, Number(process.env.npm_config_timeout_exit));","        }","        // start server","        if (local.global.utility2_serverHttp1) {","            break;","        }","        process.env.PORT = process.env.PORT || '8081';","        console.error('server starting on port ' + process.env.PORT);","        local.http.createServer(function (request, response) {","            request.urlParsed = local.url.parse(request.url);","            if (local.assetsDict[request.urlParsed.pathname] !== undefined) {","                response.end(local.assetsDict[request.urlParsed.pathname]);","                return;","            }","            response.statusCode = 404;","            response.end();","        }).listen(process.env.PORT);","        break;","    }","}());",""],"l":{"26":2,"28":2,"33":2,"35":2,"37":2,"38":2,"39":2,"44":1,"51":2,"55":2,"59":2,"61":2,"69":1,"70":2,"76":2,"79":2,"82":2,"83":2,"85":1,"89":2,"92":1,"93":1,"94":1,"96":1,"97":1,"100":1,"101":1,"103":1,"106":1,"108":2,"114":1,"116":1,"118":1,"123":1,"124":2,"125":2,"126":3,"127":3,"128":3,"129":3,"130":1,"133":3,"134":3,"139":3,"143":1,"144":3,"145":1,"149":1,"150":1,"158":1,"160":1,"161":1,"162":1,"164":1,"166":1,"258":1,"259":1,"271":1,"274":6,"275":6,"277":1,"279":2,"281":1,"283":2,"288":1,"289":1,"291":1,"296":1,"303":1,"306":1,"307":1,"310":1,"311":1,"313":1,"314":1,"315":1,"316":1,"317":1,"318":1,"319":1,"321":1,"322":1,"324":1}},"/home/travis/build/npmtest/node-npmtest-digitalocean/node_modules/digitalocean/lib/digitalocean.js":{"path":"/home/travis/build/npmtest/node-npmtest-digitalocean/node_modules/digitalocean/lib/digitalocean.js","s":{"1":1},"b":{},"f":{},"fnMap":{},"statementMap":{"1":{"start":{"line":1,"column":0},"end":{"line":4,"column":2}}},"branchMap":{},"code":["module.exports = {","  client: require('./digitalocean/client'),","  account: require('./digitalocean/account'),","};","","//","// Reused type documnentation","//","","/**"," * Every resource method accepts an optional callback as the last argument."," *"," * @callback requestCallback"," * @param {object} error - An error or null if no error occurred."," * @param {object} resource - The resource or null if error."," * @param {object} headers - An object containing the response headers."," * @param {string} body - The raw response body."," */"],"l":{"1":1}},"/home/travis/build/npmtest/node-npmtest-digitalocean/node_modules/digitalocean/lib/digitalocean/client.js":{"path":"/home/travis/build/npmtest/node-npmtest-digitalocean/node_modules/digitalocean/lib/digitalocean/client.js","s":{"1":1,"2":1,"3":1,"4":1,"5":1,"6":1,"7":0,"8":0,"9":0,"10":0,"11":0,"12":0,"13":0,"14":0,"15":0,"16":0,"17":0,"18":0,"19":0,"20":0,"21":0,"22":0,"23":0,"24":0,"25":0,"26":0,"27":0,"28":1,"29":0,"30":0,"31":0,"32":0,"33":0,"34":0,"35":0,"36":0,"37":1,"38":0,"39":0,"40":0,"41":0,"42":0,"43":0,"44":0,"45":0,"46":0,"47":0,"48":0,"49":0,"50":0,"51":0,"52":0,"53":0,"54":0,"55":0,"56":0,"57":0,"58":0,"59":0,"60":0,"61":0,"62":0,"63":0,"64":1,"65":0,"66":0,"67":0,"68":0,"69":0,"70":0,"71":0,"72":0,"73":0,"74":0,"75":0,"76":1,"77":0,"78":0,"79":0,"80":0,"81":0,"82":0,"83":0,"84":0,"85":0,"86":0,"87":0,"88":1,"89":0,"90":0,"91":0,"92":0,"93":0,"94":0,"95":0,"96":0,"97":1,"98":0,"99":1,"100":0,"101":1,"102":0,"103":1,"104":0,"105":1,"106":1,"107":0},"b":{"1":[0,0,0],"2":[0,0,0],"3":[0,0,0],"4":[0,0],"5":[0,0],"6":[0,0],"7":[0,0],"8":[0,0,0,0],"9":[0,0],"10":[0,0],"11":[0,0,0],"12":[0,0,0,0],"13":[0,0,0],"14":[0,0],"15":[0,0],"16":[0,0],"17":[0,0],"18":[0,0],"19":[0,0],"20":[0,0],"21":[0,0],"22":[0,0],"23":[0,0],"24":[0,0],"25":[0,0],"26":[0,0],"27":[0,0],"28":[0,0],"29":[0,0],"30":[0,0],"31":[0,0,0],"32":[0,0]},"f":{"1":1,"2":1,"3":0,"4":0,"5":0,"6":0,"7":0,"8":0,"9":0,"10":0,"11":0,"12":0,"13":0,"14":0,"15":0,"16":0,"17":0,"18":0,"19":0},"fnMap":{"1":{"name":"(anonymous_1)","line":1,"loc":{"start":{"line":1,"column":1},"end":{"line":1,"column":12}}},"2":{"name":"(anonymous_2)","line":30,"loc":{"start":{"line":30,"column":16},"end":{"line":30,"column":27}}},"3":{"name":"Client","line":50,"loc":{"start":{"line":50,"column":4},"end":{"line":50,"column":36}}},"4":{"name":"(anonymous_4)","line":84,"loc":{"start":{"line":84,"column":33},"end":{"line":84,"column":59}}},"5":{"name":"(anonymous_5)","line":116,"loc":{"start":{"line":116,"column":51},"end":{"line":116,"column":111}}},"6":{"name":"(anonymous_6)","line":125,"loc":{"start":{"line":125,"column":13},"end":{"line":125,"column":38}}},"7":{"name":"(anonymous_7)","line":176,"loc":{"start":{"line":176,"column":42},"end":{"line":176,"column":121}}},"8":{"name":"(anonymous_8)","line":185,"loc":{"start":{"line":185,"column":38},"end":{"line":185,"column":64}}},"9":{"name":"(anonymous_9)","line":196,"loc":{"start":{"line":196,"column":16},"end":{"line":196,"column":35}}},"10":{"name":"(anonymous_10)","line":197,"loc":{"start":{"line":197,"column":23},"end":{"line":197,"column":34}}},"11":{"name":"(anonymous_11)","line":206,"loc":{"start":{"line":206,"column":17},"end":{"line":206,"column":33}}},"12":{"name":"(anonymous_12)","line":207,"loc":{"start":{"line":207,"column":23},"end":{"line":207,"column":34}}},"13":{"name":"(anonymous_13)","line":228,"loc":{"start":{"line":228,"column":27},"end":{"line":228,"column":38}}},"14":{"name":"(anonymous_14)","line":268,"loc":{"start":{"line":268,"column":44},"end":{"line":268,"column":127}}},"15":{"name":"(anonymous_15)","line":310,"loc":{"start":{"line":310,"column":28},"end":{"line":310,"column":105}}},"16":{"name":"(anonymous_16)","line":325,"loc":{"start":{"line":325,"column":29},"end":{"line":325,"column":106}}},"17":{"name":"(anonymous_17)","line":340,"loc":{"start":{"line":340,"column":27},"end":{"line":340,"column":104}}},"18":{"name":"(anonymous_18)","line":355,"loc":{"start":{"line":355,"column":30},"end":{"line":355,"column":107}}},"19":{"name":"(anonymous_19)","line":362,"loc":{"start":{"line":362,"column":19},"end":{"line":362,"column":44}}}},"statementMap":{"1":{"start":{"line":1,"column":0},"end":{"line":365,"column":14}},"2":{"start":{"line":3,"column":2},"end":{"line":6,"column":40}},"3":{"start":{"line":9,"column":2},"end":{"line":19,"column":27}},"4":{"start":{"line":22,"column":2},"end":{"line":24,"column":43}},"5":{"start":{"line":30,"column":2},"end":{"line":360,"column":7}},"6":{"start":{"line":50,"column":4},"end":{"line":81,"column":5}},"7":{"start":{"line":51,"column":6},"end":{"line":51,"column":25}},"8":{"start":{"line":52,"column":6},"end":{"line":52,"column":29}},"9":{"start":{"line":54,"column":6},"end":{"line":54,"column":78}},"10":{"start":{"line":55,"column":6},"end":{"line":55,"column":69}},"11":{"start":{"line":56,"column":6},"end":{"line":56,"column":69}},"12":{"start":{"line":57,"column":6},"end":{"line":57,"column":78}},"13":{"start":{"line":59,"column":6},"end":{"line":59,"column":58}},"14":{"start":{"line":60,"column":6},"end":{"line":65,"column":8}},"15":{"start":{"line":67,"column":6},"end":{"line":67,"column":26}},"16":{"start":{"line":68,"column":6},"end":{"line":68,"column":41}},"17":{"start":{"line":70,"column":6},"end":{"line":70,"column":39}},"18":{"start":{"line":71,"column":6},"end":{"line":71,"column":38}},"19":{"start":{"line":72,"column":6},"end":{"line":72,"column":38}},"20":{"start":{"line":73,"column":6},"end":{"line":73,"column":38}},"21":{"start":{"line":74,"column":6},"end":{"line":74,"column":46}},"22":{"start":{"line":75,"column":6},"end":{"line":75,"column":36}},"23":{"start":{"line":76,"column":6},"end":{"line":76,"column":40}},"24":{"start":{"line":77,"column":6},"end":{"line":77,"column":38}},"25":{"start":{"line":78,"column":6},"end":{"line":78,"column":34}},"26":{"start":{"line":79,"column":6},"end":{"line":79,"column":42}},"27":{"start":{"line":80,"column":6},"end":{"line":80,"column":32}},"28":{"start":{"line":84,"column":4},"end":{"line":107,"column":6}},"29":{"start":{"line":85,"column":6},"end":{"line":87,"column":7}},"30":{"start":{"line":86,"column":8},"end":{"line":86,"column":19}},"31":{"start":{"line":89,"column":6},"end":{"line":91,"column":7}},"32":{"start":{"line":90,"column":8},"end":{"line":90,"column":23}},"33":{"start":{"line":93,"column":6},"end":{"line":93,"column":55}},"34":{"start":{"line":95,"column":6},"end":{"line":97,"column":7}},"35":{"start":{"line":96,"column":8},"end":{"line":96,"column":51}},"36":{"start":{"line":99,"column":6},"end":{"line":106,"column":9}},"37":{"start":{"line":116,"column":4},"end":{"line":173,"column":6}},"38":{"start":{"line":117,"column":6},"end":{"line":119,"column":7}},"39":{"start":{"line":118,"column":8},"end":{"line":118,"column":44}},"40":{"start":{"line":121,"column":6},"end":{"line":123,"column":7}},"41":{"start":{"line":122,"column":8},"end":{"line":122,"column":44}},"42":{"start":{"line":125,"column":6},"end":{"line":172,"column":8}},"43":{"start":{"line":126,"column":8},"end":{"line":128,"column":9}},"44":{"start":{"line":127,"column":10},"end":{"line":127,"column":29}},"45":{"start":{"line":131,"column":8},"end":{"line":131,"column":63}},"46":{"start":{"line":132,"column":8},"end":{"line":134,"column":9}},"47":{"start":{"line":133,"column":10},"end":{"line":133,"column":103}},"48":{"start":{"line":137,"column":8},"end":{"line":143,"column":9}},"49":{"start":{"line":138,"column":10},"end":{"line":142,"column":11}},"50":{"start":{"line":139,"column":12},"end":{"line":139,"column":44}},"51":{"start":{"line":141,"column":12},"end":{"line":141,"column":42}},"52":{"start":{"line":146,"column":8},"end":{"line":148,"column":9}},"53":{"start":{"line":147,"column":10},"end":{"line":147,"column":96}},"54":{"start":{"line":151,"column":8},"end":{"line":153,"column":9}},"55":{"start":{"line":152,"column":10},"end":{"line":152,"column":81}},"56":{"start":{"line":156,"column":8},"end":{"line":156,"column":22}},"57":{"start":{"line":157,"column":8},"end":{"line":163,"column":9}},"58":{"start":{"line":158,"column":10},"end":{"line":158,"column":39}},"59":{"start":{"line":159,"column":10},"end":{"line":162,"column":11}},"60":{"start":{"line":160,"column":12},"end":{"line":160,"column":29}},"61":{"start":{"line":161,"column":12},"end":{"line":161,"column":18}},"62":{"start":{"line":166,"column":8},"end":{"line":170,"column":10}},"63":{"start":{"line":171,"column":8},"end":{"line":171,"column":29}},"64":{"start":{"line":176,"column":4},"end":{"line":214,"column":6}},"65":{"start":{"line":182,"column":6},"end":{"line":182,"column":107}},"66":{"start":{"line":184,"column":6},"end":{"line":184,"column":22}},"67":{"start":{"line":185,"column":6},"end":{"line":190,"column":9}},"68":{"start":{"line":186,"column":8},"end":{"line":189,"column":10}},"69":{"start":{"line":192,"column":6},"end":{"line":211,"column":7}},"70":{"start":{"line":195,"column":8},"end":{"line":210,"column":13}},"71":{"start":{"line":197,"column":12},"end":{"line":204,"column":18}},"72":{"start":{"line":198,"column":14},"end":{"line":203,"column":16}},"73":{"start":{"line":207,"column":12},"end":{"line":209,"column":18}},"74":{"start":{"line":208,"column":14},"end":{"line":208,"column":30}},"75":{"start":{"line":213,"column":6},"end":{"line":213,"column":22}},"76":{"start":{"line":228,"column":4},"end":{"line":265,"column":6}},"77":{"start":{"line":229,"column":6},"end":{"line":229,"column":12}},"78":{"start":{"line":230,"column":6},"end":{"line":235,"column":36}},"79":{"start":{"line":237,"column":6},"end":{"line":239,"column":23}},"80":{"start":{"line":240,"column":6},"end":{"line":250,"column":7}},"81":{"start":{"line":241,"column":8},"end":{"line":241,"column":28}},"82":{"start":{"line":243,"column":8},"end":{"line":243,"column":19}},"83":{"start":{"line":244,"column":8},"end":{"line":246,"column":9}},"84":{"start":{"line":245,"column":10},"end":{"line":245,"column":35}},"85":{"start":{"line":247,"column":8},"end":{"line":249,"column":9}},"86":{"start":{"line":248,"column":10},"end":{"line":248,"column":35}},"87":{"start":{"line":252,"column":6},"end":{"line":264,"column":8}},"88":{"start":{"line":268,"column":4},"end":{"line":296,"column":6}},"89":{"start":{"line":271,"column":6},"end":{"line":276,"column":7}},"90":{"start":{"line":272,"column":8},"end":{"line":272,"column":35}},"91":{"start":{"line":273,"column":8},"end":{"line":273,"column":42}},"92":{"start":{"line":274,"column":8},"end":{"line":274,"column":34}},"93":{"start":{"line":275,"column":8},"end":{"line":275,"column":21}},"94":{"start":{"line":278,"column":6},"end":{"line":280,"column":7}},"95":{"start":{"line":279,"column":8},"end":{"line":279,"column":47}},"96":{"start":{"line":282,"column":6},"end":{"line":295,"column":8}},"97":{"start":{"line":310,"column":4},"end":{"line":312,"column":6}},"98":{"start":{"line":311,"column":6},"end":{"line":311,"column":115}},"99":{"start":{"line":325,"column":4},"end":{"line":327,"column":6}},"100":{"start":{"line":326,"column":6},"end":{"line":326,"column":116}},"101":{"start":{"line":340,"column":4},"end":{"line":342,"column":6}},"102":{"start":{"line":341,"column":6},"end":{"line":341,"column":114}},"103":{"start":{"line":355,"column":4},"end":{"line":357,"column":6}},"104":{"start":{"line":356,"column":6},"end":{"line":356,"column":117}},"105":{"start":{"line":359,"column":4},"end":{"line":359,"column":18}},"106":{"start":{"line":362,"column":2},"end":{"line":364,"column":4}},"107":{"start":{"line":363,"column":4},"end":{"line":363,"column":38}}},"branchMap":{"1":{"line":54,"type":"binary-expr","locations":[{"start":{"line":54,"column":28},"end":{"line":54,"column":40}},{"start":{"line":54,"column":44},"end":{"line":54,"column":71}},{"start":{"line":54,"column":75},"end":{"line":54,"column":77}}]},"2":{"line":55,"type":"binary-expr","locations":[{"start":{"line":55,"column":21},"end":{"line":55,"column":33}},{"start":{"line":55,"column":37},"end":{"line":55,"column":57}},{"start":{"line":55,"column":61},"end":{"line":55,"column":68}}]},"3":{"line":56,"type":"binary-expr","locations":[{"start":{"line":56,"column":21},"end":{"line":56,"column":33}},{"start":{"line":56,"column":37},"end":{"line":56,"column":57}},{"start":{"line":56,"column":61},"end":{"line":56,"column":68}}]},"4":{"line":57,"type":"cond-expr","locations":[{"start":{"line":57,"column":43},"end":{"line":57,"column":70}},{"start":{"line":57,"column":73},"end":{"line":57,"column":77}}]},"5":{"line":85,"type":"if","locations":[{"start":{"line":85,"column":6},"end":{"line":85,"column":6}},{"start":{"line":85,"column":6},"end":{"line":85,"column":6}}]},"6":{"line":89,"type":"if","locations":[{"start":{"line":89,"column":6},"end":{"line":89,"column":6}},{"start":{"line":89,"column":6},"end":{"line":89,"column":6}}]},"7":{"line":95,"type":"if","locations":[{"start":{"line":95,"column":6},"end":{"line":95,"column":6}},{"start":{"line":95,"column":6},"end":{"line":95,"column":6}}]},"8":{"line":100,"type":"binary-expr","locations":[{"start":{"line":100,"column":18},"end":{"line":100,"column":38}},{"start":{"line":100,"column":42},"end":{"line":100,"column":54}},{"start":{"line":100,"column":58},"end":{"line":100,"column":79}},{"start":{"line":100,"column":83},"end":{"line":100,"column":91}}]},"9":{"line":101,"type":"binary-expr","locations":[{"start":{"line":101,"column":14},"end":{"line":101,"column":30}},{"start":{"line":101,"column":35},"end":{"line":101,"column":146}}]},"10":{"line":101,"type":"cond-expr","locations":[{"start":{"line":101,"column":94},"end":{"line":101,"column":141}},{"start":{"line":101,"column":144},"end":{"line":101,"column":146}}]},"11":{"line":101,"type":"binary-expr","locations":[{"start":{"line":101,"column":35},"end":{"line":101,"column":45}},{"start":{"line":101,"column":49},"end":{"line":101,"column":68}},{"start":{"line":101,"column":72},"end":{"line":101,"column":91}}]},"12":{"line":102,"type":"binary-expr","locations":[{"start":{"line":102,"column":18},"end":{"line":102,"column":38}},{"start":{"line":102,"column":42},"end":{"line":102,"column":54}},{"start":{"line":102,"column":58},"end":{"line":102,"column":79}},{"start":{"line":102,"column":83},"end":{"line":102,"column":92}}]},"13":{"line":103,"type":"binary-expr","locations":[{"start":{"line":103,"column":14},"end":{"line":103,"column":30}},{"start":{"line":103,"column":34},"end":{"line":103,"column":46}},{"start":{"line":103,"column":50},"end":{"line":103,"column":67}}]},"14":{"line":117,"type":"if","locations":[{"start":{"line":117,"column":6},"end":{"line":117,"column":6}},{"start":{"line":117,"column":6},"end":{"line":117,"column":6}}]},"15":{"line":121,"type":"if","locations":[{"start":{"line":121,"column":6},"end":{"line":121,"column":6}},{"start":{"line":121,"column":6},"end":{"line":121,"column":6}}]},"16":{"line":126,"type":"if","locations":[{"start":{"line":126,"column":8},"end":{"line":126,"column":8}},{"start":{"line":126,"column":8},"end":{"line":126,"column":8}}]},"17":{"line":132,"type":"if","locations":[{"start":{"line":132,"column":8},"end":{"line":132,"column":8}},{"start":{"line":132,"column":8},"end":{"line":132,"column":8}}]},"18":{"line":137,"type":"if","locations":[{"start":{"line":137,"column":8},"end":{"line":137,"column":8}},{"start":{"line":137,"column":8},"end":{"line":137,"column":8}}]},"19":{"line":139,"type":"binary-expr","locations":[{"start":{"line":139,"column":30},"end":{"line":139,"column":34}},{"start":{"line":139,"column":38},"end":{"line":139,"column":42}}]},"20":{"line":146,"type":"if","locations":[{"start":{"line":146,"column":8},"end":{"line":146,"column":8}},{"start":{"line":146,"column":8},"end":{"line":146,"column":8}}]},"21":{"line":146,"type":"binary-expr","locations":[{"start":{"line":146,"column":12},"end":{"line":146,"column":24}},{"start":{"line":146,"column":28},"end":{"line":146,"column":49}}]},"22":{"line":151,"type":"if","locations":[{"start":{"line":151,"column":8},"end":{"line":151,"column":8}},{"start":{"line":151,"column":8},"end":{"line":151,"column":8}}]},"23":{"line":159,"type":"if","locations":[{"start":{"line":159,"column":10},"end":{"line":159,"column":10}},{"start":{"line":159,"column":10},"end":{"line":159,"column":10}}]},"24":{"line":192,"type":"if","locations":[{"start":{"line":192,"column":6},"end":{"line":192,"column":6}},{"start":{"line":192,"column":6},"end":{"line":192,"column":6}}]},"25":{"line":232,"type":"cond-expr","locations":[{"start":{"line":232,"column":43},"end":{"line":232,"column":93}},{"start":{"line":232,"column":97},"end":{"line":232,"column":106}}]},"26":{"line":240,"type":"if","locations":[{"start":{"line":240,"column":6},"end":{"line":240,"column":6}},{"start":{"line":240,"column":6},"end":{"line":240,"column":6}}]},"27":{"line":240,"type":"binary-expr","locations":[{"start":{"line":240,"column":11},"end":{"line":240,"column":30}},{"start":{"line":240,"column":35},"end":{"line":240,"column":66}}]},"28":{"line":244,"type":"if","locations":[{"start":{"line":244,"column":8},"end":{"line":244,"column":8}},{"start":{"line":244,"column":8},"end":{"line":244,"column":8}}]},"29":{"line":247,"type":"if","locations":[{"start":{"line":247,"column":8},"end":{"line":247,"column":8}},{"start":{"line":247,"column":8},"end":{"line":247,"column":8}}]},"30":{"line":271,"type":"if","locations":[{"start":{"line":271,"column":6},"end":{"line":271,"column":6}},{"start":{"line":271,"column":6},"end":{"line":271,"column":6}}]},"31":{"line":271,"type":"binary-expr","locations":[{"start":{"line":271,"column":10},"end":{"line":271,"column":26}},{"start":{"line":271,"column":31},"end":{"line":271,"column":54}},{"start":{"line":271,"column":58},"end":{"line":271,"column":95}}]},"32":{"line":278,"type":"if","locations":[{"start":{"line":278,"column":6},"end":{"line":278,"column":6}},{"start":{"line":278,"column":6},"end":{"line":278,"column":6}}]}},"code":["(function() {","  // External Dependencies","  var url = require('url'),","    request = require('request'),","    Promise = require('bluebird'),","    deepExtend = require('deep-extend');","","  // API sections","  var Account = require('./account'),","    Action = require('./action'),","    Domain = require('./domain'),","    Droplet = require('./droplet'),","    Volume = require('./volume'),","    FloatingIp = require('./floating_ip'),","    Image = require('./image'),","    Region = require('./region'),","    Size = require('./size'),","    Snapshot = require('./snapshot'),","    Tag = require('./tag');","","  // Utilities","  var slice = [].slice,","    util = require('./util'),","    DigitalOceanError = require('./error');","","  /**","    * Client resource","    * @class Client","    */","  var Client = (function() {","    /**","     * @typedef ClientOptions","     * @type {object}","     * @property {object} [request] - pass in a specific version of the request library.","     * @property {object} [promise] - pass in a specific version of promise library.","     * @property {object} [requestOptions] - a base set of options provided to Request, overridden by options passed to a specific API method. defaults to empty object.","     * @property {boolean} [decamelizeKeys] - whether to automagically translate query and JSON body keys to use underscore separated names.","     * @property {string} [protocol] - defaults to https.","     * @property {string} [hostname] - defaults to api.digitalocean.com.","     * @property {string} [port] - defaults to protocol default (e.g. with a protocol of https defaults to 443).","     */","","    /**","     * Create a new Client instance.","     *","     * @param {string} token - The DigitalOcean token used for authorization.","     * @param {ClientOptions} [options] - An object whose values are used to configure a client instance.","     * @memberof Client","     */","    function Client(token, options) {","      this.token = token;","      this.options = options;","","      this.requestOptions = this.options && this.options.requestOptions || {};","      this.request = this.options && this.options.request || request;","      this.promise = this.options && this.options.promise || Promise;","      this.decamelizeKeys = this.options ? this.options.decamelizeKeys : true;","","      var version = require('../../package.json').version;","      this.requestDefaults = {","        headers: {","          'User-Agent': 'digitalocean-node/' + version,","          'Content-Type': 'application/json'","        }","      };","","      this.version = 'v2';","      this.host = 'api.digitalocean.com';","","      this.account = new Account(this);","      this.actions = new Action(this);","      this.domains = new Domain(this);","      this.volumes = new Volume(this);","      this.floatingIps = new FloatingIp(this);","      this.images = new Image(this);","      this.droplets = new Droplet(this);","      this.regions = new Region(this);","      this.sizes = new Size(this);","      this.snapshots = new Snapshot(this);","      this.tags = new Tag(this);","    }","","    /** @private */","    Client.prototype._buildUrl = function(path, urlParams) {","      if (path == null) {","        path = '/';","      }","","      if (urlParams == null) {","        urlParams = {};","      }","","      var urlFromPath = url.parse(this.version + path);","","      if (!!this.decamelizeKeys) {","        urlParams = util.decamelizeKeys(urlParams);","      }","","      return url.format({","        protocol: urlFromPath.protocol || this.options && this.options.protocol || \"https:\",","        auth: urlFromPath.auth || (this.token && this.token.username && this.token.password ? this.token.username + \":\" + this.token.password : ''),","        hostname: urlFromPath.hostname || this.options && this.options.hostname || this.host,","        port: urlFromPath.port || this.options && this.options.port,","        pathname: urlFromPath.pathname,","        query: urlParams","      });","    };","","    // Returns a function that curries the callback to handle the response from","    // `request`. The returned function has an interface of: `function(err, res, body)`.","    //","    // successStatuses, required, number or array of numbers","    // successRootKeys, required, string or array of strings","    // callback, required, function","    /** @private */","    Client.prototype._buildrequestPromiseHandler = function(successStatuses, successRootKeys, resolve, reject) {","      if (typeof successStatuses === 'number') {","        successStatuses = [successStatuses];","      }","","      if (typeof successRootKeys === 'string') {","        successRootKeys = [successRootKeys];","      }","","      return function(err, res, body) {","        if (err) {","          return reject(err);","        }","","        // Handle errors on DO's side (5xx level)","        var statusCodeLevel = Math.floor(res.statusCode / 100);","        if (statusCodeLevel === 5) {","          return reject(new DigitalOceanError('Error ' + res.statusCode, res.statusCode, res.headers));","        }","","        // Handle improperly returned reponses (e.g. html or something else bizarre)","        if (typeof body === 'string') {","          try {","            body = JSON.parse(body || '{}');","          } catch (jsonParseError) {","            return reject(jsonParseError);","          }","        }","","        // Handle validation errors (4xx level)","        if (body.message && statusCodeLevel === 4) {","          return reject(new DigitalOceanError(body.message, res.statusCode, res.headers, body));","        }","","        // Handle an unexpcted response code","        if (successStatuses.indexOf(res.statusCode) < 0) {","          return reject(new Error('Unexpected reponse code: ' + res.statusCode));","        }","","        // Find the first key from the body object in successRootKeys","        var data = {};","        for (var i = 0; i < successRootKeys.length; i++) {","          var key = successRootKeys[i];","          if (body[key]) {","            data = body[key];","            break;","          }","        }","","        // Append response data under a special key in the object","        data._digitalOcean = {","          statusCode: res.statusCode,","          body: body,","          headers: res.headers","        };","        return resolve(data);","      };","    };","","    /** @private */","    Client.prototype._callbackOrPromise = function(options, overrideOptions, successStatuses, successRootKeys, callback) {","      // Use a hierarchy of options to provide overrides:","      //  1. this.requestDefaults (specified by client)","      //  2. this.requestOptions  (specified by user at client initialization)","      //  3. options              (specfied by client per call type)","      //  4. overrideOptions      (specified by user at call time)","      var requestOptions = deepExtend(this.requestDefaults, this.requestOptions, options, overrideOptions);","","      var self = this;","      var deferred = new this.promise(function(resolve, reject) {","        self.request(","          requestOptions,","          self._buildrequestPromiseHandler(successStatuses, successRootKeys, resolve, reject)","        );","      });","","      if (callback) {","        // If a callback is provided, translate it to a Promise (to ensure","        // it's called outside of the promise stack, call via timeout)","        deferred","          .then(function(response) {","            setTimeout(function() {","              callback(","                null,","                response,","                response._digitalOcean.headers,","                response._digitalOcean.body","              );","            }, 0);","          })","          .catch(function(error) {","            setTimeout(function() {","              callback(error);","            }, 0);","          });","      }","","      return deferred;","    };","","    /**","     * Send a HTTP GET request with the specified parameters.","     *","     * @param {string} path - the URL escaped route","     * @param {object} options - an object passed to the request library  See the {@link https://github.com/request/request#requestoptions-callback|request docs} for valid attributes, e.g. a proxy or user agent","     * @param {(number|object)} [page or queryObject] - page number to retrieve or key value pairs of query parameters","     * @param {number} [perPage] - number of result per page to retrieve","     * @param {number|number[]} successStatuses - number or array of numbers corresponding to successful HTTP status codes","     * @param {string|string[]} successRootKeys - string or array of strings corresponding to the root objects containing successful responses","     * @param {requestCallback} [callback] - callback that handles the response","     * @memberof Client","     */","    Client.prototype.get = function() {","      var i;","      var path = arguments[0],","          options = arguments[1],","          params = 4 <= arguments.length ? slice.call(arguments, 2, i = arguments.length - 3) : (i = 2, []),","          successStatuses = arguments[i++],","          successRootKeys = arguments[i++],","          callback = arguments[i++];","","      var pageOrQuery = params[0],","          perPage = params[1],","          query = null;","      if ((pageOrQuery != null) && typeof pageOrQuery === 'object') {","        query = pageOrQuery;","      } else {","        query = {};","        if (pageOrQuery != null) {","          query.page = pageOrQuery;","        }","        if (perPage != null) {","          query.per_page = perPage;","        }","      }","","      return this._callbackOrPromise(","        {","          uri: this._buildUrl(path, query),","          method: 'GET',","          headers: {","            'Authorization': 'Bearer ' + this.token","          }","        },","        options,","        successStatuses,","        successRootKeys,","        callback","      );","    };","","    /** @private */","    Client.prototype._makeRequestWithBody = function(type, path, content, options, successStatuses, successRootKeys, callback) {","      // if `options` isn't passed, shift arguments back by one and set","      // default hash for options","      if (callback == null && (successRootKeys == null || typeof successRootKeys === 'function')) {","        callback = successRootKeys;","        successRootKeys = successStatuses;","        successStatuses = options;","        options = {};","      }","","      if (!!this.decamelizeKeys) {","        content = util.decamelizeKeys(content);","      }","","      return this._callbackOrPromise(","        {","          uri: this._buildUrl(path, options.query),","          method: type,","          headers: {","            'Authorization': 'Bearer ' + this.token","          },","          body: JSON.stringify(content)","        },","        options,","        successStatuses,","        successRootKeys,","        callback","      );","    };","","","    /**","     * Send a HTTP POST request with the specified parameters.","     *","     * @param {string} path - the URL escaped route","     * @param {object} content - an object serialized to json","     * @param {object} options - an object passed to the request library  See the {@link https://github.com/request/request#requestoptions-callback|request docs} for valid attributes, e.g. a proxy or user agent","     * @param {number|number[]} successStatuses - number or array of 
[...]
)","line":22,"loc":{"start":{"line":22,"column":28},"end":{"line":22,"column":39}}}},"statementMap":{"1":{"start":{"line":1,"column":0},"end":{"line":31,"column":14}},"2":{"start":{"line":2,"column":2},"end":{"line":3,"column":29}},"3":{"start":{"line":9,"column":2},"end":{"line":28,"column":7}},"4":{"start":{"line":10,"column":4},"end":{"line":12,"column":5}},"5":{"start":{"line":11,"column":6},"end":{"line":11,"column":27}},"6":{"start":{"line":22,"column":4},"end":{"line":25,"column":6}},"7":{"start":{"line":23,"column":6},"end":{"line":23,"column":57}},"8":{"start":{"line":24,"column":6},"end":{"line":24,"column":131}},"9":{"start":{"line":27,"column":4},"end":{"line":27,"column":18}},"10":{"start":{"line":30,"column":2},"end":{"line":30,"column":26}}},"branchMap":{},"code":["(function() {","  var slice = [].slice,","    util = require('./util');","","  /**","    * Region resource","    * @class Region","    */","  var Region = (function() {","    function Region(client) {","      this.client = client;","    }","","    /**","     * List region objects.","     *","     * @param {(number|object)} [page or queryObject] - page number to retrieve or key value pairs of query parameters","     * @param {number} [perPage] - number of result per page to retrieve","     * @param {requestCallback} [callback] - callback that handles the response","     * @memberof region","     */","    Region.prototype.list = function() {","      var args = util.extractListArguments(arguments, 0);","      return this.client.get.apply(this.client, ['/regions', {}].concat(slice.call(args.params), [200, 'regions', args.callback]));","    };","","    return Region;","  })();","","  module.exports = Region;","}).call(this);"],"l":{"1":1,"2":1,"9":1,"10":1,"11":0,"22":1,"23":0,"24":0,"27":1,"30":1}},"/home/travis/build/npmtest/node-npmtest-digitalocean/node_modules/digitalocean/lib/digitalocean/size.js":{"path":"/home/travis/build/npmtest/node-npmtest-digitalocean/node_modules/digitalocean/lib/digitalocean/size.js","s":{"1":1,"2":1,"3":1,"4":1,"5":0,"6":1,"7":0,"8":0,"9":1,"10":1},"b":{},"f":{"1":1,"2":1,"3":0,"4":0},"fnMap":{"1":{"name":"(anonymous_1)","line":1,"loc":{"start":{"line":1,"column":1},"end":{"line":1,"column":12}}},"2":{"name":"(anonymous_2)","line":8,"loc":{"start":{"line":8,"column":14},"end":{"line":8,"column":25}}},"3":{"name":"Size","line":9,"loc":{"start":{"line":9,"column":4},"end":{"line":9,"column":26}}},"4":{"name":"(anonymous_4)","line":21,"loc":{"start":{"line":21,"column":26},"end":{"line":21,"column":37}}}},"statementMap":{"1":{"start":{"line":1,"column":0},"end":{"line":30,"column":14}},"2":{"start":{"line":2,"column":2},"end":{"line":3,"column":29}},"3":{"start":{"line":8,"column":2},"end":{"line":27,"column":7}},"4":{"start":{"line":9,"column":4},"end":{"line":11,"column":5}},"5":{"start":{"line":10,"column":6},"end":{"line":10,"column":27}},"6":{"start":{"line":21,"column":4},"end":{"line":24,"column":6}},"7":{"start":{"line":22,"column":6},"end":{"line":22,"column":57}},"8":{"start":{"line":23,"column":6},"end":{"line":23,"column":127}},"9":{"start":{"line":26,"column":4},"end":{"line":26,"column":16}},"10":{"start":{"line":29,"column":2},"end":{"line":29,"column":24}}},"branchMap":{},"code":["(function() {","  var slice = [].slice,","    util = require('./util');","  /**","    * Size resource","    * @class Size","    */","  var Size = (function() {","    function Size(client) {","      this.client = client;","    }","","    /**","     * List size objects.","     *","     * @param {(number|object)} [page or queryObject] - page number to retrieve or key value pairs of query parameters","     * @param {number} [perPage] - number of result per page to retrieve","     * @param {requestCallback} [callback] - callback that handles the response","     * @memberof Size","     */","    Size.prototype.list = function() {","      var args = util.extractListArguments(arguments, 0);","      return this.client.get.apply(this.client, ['/sizes', {}].concat(slice.call(args.params), [200, 'sizes', args.callback]));","    };","","    return Size;","  })();","","  module.exports = Size;","}).call(this);"],"l":{"1":1,"2":1,"8":1,"9":1,"10":0,"21":1,"22":0,"23":0,"26":1,"29":1}},"/home/travis/build/npmtest/node-npmtest-digitalocean/node_modules/digitalocean/lib/digitalocean/snapshot.js":{"path":"/home/travis/build/npmtest/node-npmtest-digitalocean/node_modules/digitalocean/lib/digitalocean/snapshot.js","s":{"1":1,"2":1,"3":1,"4":1,"5":0,"6":1,"7":0,"8":0,"9":1,"10":0,"11":0,"12":1,"13":0,"14":0,"15":1,"16":1},"b":{},"f":{"1":1,"2":1,"3":0,"4":0,"5":0,"6":0},"fnMap":{"1":{"name":"(anonymous_1)","line":1,"loc":{"start":{"line":1,"column":1},"end":{"line":1,"column":12}}},"2":{"name":"(anonymous_2)","line":9,"loc":{"start":{"line":9,"column":18},"end":{"line":9,"column":29}}},"3":{"name":"Snapshot","line":10,"loc":{"start":{"line":10,"column":4},"end":{"line":10,"column":30}}},"4":{"name":"(anonymous_4)","line":22,"loc":{"start":{"line":22,"column":30},"end":{"line":22,"column":41}}},"5":{"name":"(anonymous_5)","line":34,"loc":{"start":{"line":34,"column":29},"end":{"line":34,"column":52}}},"6":{"name":"(anonymous_6)","line":46,"loc":{"start":{"line":46,"column":32},"end":{"line":46,"column":55}}}},"statementMap":{"1":{"start":{"line":1,"column":0},"end":{"line":55,"column":14}},"2":{"start":{"line":2,"column":2},"end":{"line":3,"column":29}},"3":{"start":{"line":9,"column":2},"end":{"line":52,"column":7}},"4":{"start":{"line":10,"column":4},"end":{"line":12,"column":5}},"5":{"start":{"line":11,"column":6},"end":{"line":11,"column":27}},"6":{"start":{"line":22,"column":4},"end":{"line":25,"column":6}},"7":{"start":{"line":23,"column":6},"end":{"line":23,"column":57}},"8":{"start":{"line":24,"column":6},"end":{"line":24,"column":135}},"9":{"start":{"line":34,"column":4},"end":{"line":37,"column":6}},"10":{"start":{"line":35,"column":6},"end":{"line":35,"column":46}},"11":{"start":{"line":36,"column":6},"end":{"line":36,"column":65}},"12":{"start":{"line":46,"column":4},"end":{"line":49,"column":6}},"13":{"start":{"line":47,"column":6},"end":{"line":47,"column":46}},"14":{"start":{"line":48,"column":6},"end":{"line":48,"column":60}},"15":{"start":{"line":51,"column":4},"end":{"line":51,"column":20}},"16":{"start":{"line":54,"column":2},"end":{"line":54,"column":28}}},"branchMap":{},"code":["(function() {","  var slice = [].slice,","    util = require('./util');","","  /**","    * Snapshot resource","    * @class Snapshot","    */","  var Snapshot = (function() {","    function Snapshot(client) {","      this.client = client;","    }","","    /**","     * List snapshot objects.","     *","     * @param {(number|object)} [page or queryObject] - page number to retrieve or key value pairs of query parameters","     * @param {number} [perPage] - number of result per page to retrieve","     * @param {requestCallback} [callback] - callback that handles the response","     * @memberof Snapshot","     */","    Snapshot.prototype.list = function() {","      var args = util.extractListArguments(arguments, 0);","      return this.client.get.apply(this.client, ['/snapshots', {}].concat(slice.call(args.params), [200, 'snapshots', args.callback]));","    };","","    /**","     * Get the identified snapshot object.","     *","     * @param {string} id - The id of the snapshot to retrieve","     * @param {requestCallback} [callback] - callback that handles the response","     * @memberof Snapshot","     */","    Snapshot.prototype.get = function(id, callback) {","      var url = util.safeUrl('snapshots', id);","      return this.client.get(url, {}, 200, 'snapshot', callback);","    };","","    /**","     * Delete the identified snapshot object.","     *","     * @param {string} id - The id of the snapshot to delete","     * @param {requestCallback} [callback] - callback that handles the response","     * @memberof Snapshot","     */","    Snapshot.prototype.delete = function(id, callback) {","      var url = util.safeUrl('snapshots', id);","      return this.client.delete(url, {}, 204, [], callback);","    };","","    return Snapshot;","  })();","","  module.exports = Snapshot;","}).call(this);"],"l":{"1":1,"2":1,"9":1,"10":1,"11":0,"22":1,"23":0,"24":0,"34":1,"35":0,"36":0,"46":1,"47":0,"48":0,"51":1,"54":1}},"/home/travis/build/npmtest/node-npmtest-digitalocean/node_modules/digitalocean/lib/digitalocean/tag.js":{"path":"/home/travis/build/npmtest/node-npmtest-digitalocean/node_modules/digitalocean/lib/digitalocean/tag.js","s":{"1":1,"2":1,"3":1,"4":1,"5":0,"6":1,"7":0,"8":0,"9":1,"10":0,"11":1,"12":0,"13":0,"14":1,"15":0,"16":0,"17":1,"18":0,"19":0,"20":0,"21":1,"22":0,"23":0,"24":0,"25":1,"26":0,"27":0,"28":1,"29":1},"b":{},"f":{"1":1,"2":1,"3":0,"4":0,"5":0,"6":0,"7":0,"8":0,"9":0,"10":0},"fnMap":{"1":{"name":"(anonymous_1)","line":1,"loc":{"start":{"line":1,"column":1},"end":{"line":1,"column":12}}},"2":{"name":"(anonymous_2)","line":9,"loc":{"start":{"line":9,"column":13},"end":{"line":9,"column":24}}},"3":{"name":"Tag","line":10,"loc":{"start":{"line":10,"column":4},"end":{"line":10,"column":25}}},"4":{"name":"(anonymous_4)","line":22,"loc":{"start":{"line":22,"column":25},"end":{"line":22,"column":36}}},"5":{"name":"(anonymous_5)","line":34,"loc":{"start":{"line":34,"column":27},"end":{"line":34,"column":58}}},"6":{"name":"(anonymous_6)","line":45,"loc":{"start":{"line":45,"column":24},"end":{"line":45,"column":49}}},"7":{"name":"(anonymous_7)","line":58,"loc":{"start":{"line":58,"column":27},"end":{"line":58,"column":64}}},"8":{"name":"(anonymous_8)","line":78,"loc":{"start":{"line":78,"column":24},"end":{"line":78,"column":60}}},"9":{"name":"(anonymous_9)","line":92,"loc":{"start":{"line":92,"column":26},"end":{"line":92,"column":62}}},"10":{"name":"(anonymous_10)","line":105,"loc":{"start":{"line":105,"column":27},"end":{"line":105,"column":52}}}},"statementMap":{"1":{"start":{"line":1,"column":0},"end":{"line":114,"column":14}},"2":{"start":{"line":2,"column":2},"end":{"line":3,"column":29}},"3":{"start":{"line":9,"column":2},"end":{"line":111,"column":7}},"4":{"start":{"line":10,"column":4},"end":{"line":12,"column":5}},"5":{"start":{"line":11,"column":6},"end":{"line":11,"column":27}},"6":{"start":{"line":22,"column":4},"end":{"line":25,"column":6}},"7":{"start":{"line":23,"column":6},"end":{"line":23,"column":57}},"8":{"start":{"line":24,"column":6},"end":{"line":24,"column":125}},"9":{"start":{"line":34,"column":4},"end":{"line":36,"column":6}},"10":{"start":{"line":35,"column":6},"end":{"line":35,"column":73}},"11":{"start":{"line":45,"column":4},"end":{"line":48,"column":6}},"12":{"start":{"line":46,"column":6},"end":{"line":46,"column":43}},"13":{"start":{"line":47,"column":6},"end":{"line":47,"column":60}},"14":{"start":{"line":58,"column":4},"end":{"line":61,"column":6}},"15":{"start":{"line":59,"column":6},"end":{"line":59,"column":43}},"16":{"start":{"line":60,"column":6},"end":{"line":60,"column":68}},"17":{"start":{"line":78,"column":4},"end":{"line":82,"column":6}},"18":{"start":{"line":79,"column":6},"end":{"line":79,"column":50}},"19":{"start":{"line":80,"column":6},"end":{"line":80,"column":56}},"20":{"start":{"line":81,"column":6},"end":{"line":81,"column":66}},"21":{"start":{"line":92,"column":4},"end":{"line":96,"column":6}},"22":{"start":{"line":93,"column":6},"end":{"line":93,"column":50}},"23":{"start":{"line":94,"column":6},"end":{"line":94,"column":56}},"24":{"start":{"line":95,"column":6},"end":{"line":95,"column":68}},"25":{"start":{"line":105,"column":4},"end":{"line":108,"column":6}},"26":{"start":{"line":106,"column":6},"end":{"line":106,"column":43}},"27":{"start":{"line":107,"column":6},"end":{"line":107,"column":60}},"28":{"start":{"line":110,"column":4},"end":{"line":110,"column":15}},"29":{"start":{"line":113,"column":2},"end":{"line":113,"column":23}}},"branchMap":{},"code":["(function() {","  var slice = [].slice,","    util = require('./util');","","  /**","    * Tag resource","    * @class Tag","    */","  var Tag = (function() {","    function Tag(client) {","      this.client = client;","    }","","    /**","     * List tag objects.","     *","     * @param {(number|object)} [page or queryObject] - page number to retrieve or key value pairs of query parameters","     * @param {number} [perPage] - number of result per page to retrieve","     * @param {requestCallback} [callback] - callback that handles the response","     * @memberof Tag","     */","    Tag.prototype.list = function() {","      var args = util.extractListArguments(arguments, 0);","      return this.client.get.apply(this.client, ['/tags', {}].concat(slice.call(args.params), [200, 'tags', args.callback]));","    };","","    /**","     * Create a tag object.","     *","     * @param {object} attributes - The attributes with which to create the tag. See the {@link https://developers.digitalocean.com/documentation/v2/#tags|official docs} for valid attributes.","     * @param {requestCallback} [callback] - callback that handles the response","     * @memberof Tag","     */","    Tag.prototype.create = function(attributes, callback) {","      return this.client.post('/tags', attributes, 201, 'tag', callback);","    };","","    /**","     * Get the identified tag object.","     *","     * @param {string} name - The name of the tag to retrieve","     * @param {requestCallback} [callback] - callback that handles the response","     * @memberof Tag","     */","    Tag.prototype.get = function(name, callback) {","      var url = util.safeUrl('tags', name);","      return this.client.get(url, {}, 200, 'tag', callback);","    };","","    /**","     * Update the identified tag object.","     *","     * @param {string} name - The name of the tag to udpate","     * @param {object} attributes - The attributes with which to update the tag. See the {@link https://developers.digitalocean.com/documentation/v2/#tags|official docs} for valid attributes.","     * @param {requestCallback} [callback] - callback that handles the response","     * @memberof Tag","     */","    Tag.prototype.update = function(name, attributes, callback) {","      var url = util.safeUrl('tags', name);","      return this.client.put(url, attributes, 200, 'tag', callback);","    };","","    /**","     * @typedef Resources","     * @type {object}","     * @property {string} resource_id - a resource ID.","     * @property {string} resource_type - a resource type.","     */","","    /**","     * Associate the identified tag with the identified resources.","     *","     * @param {string} name - The name of the tag to udpate","     * @param {Resources[]} resources - An array of objects each with keys of resource_id and resource_type.","     * @param {requestCallback} [callback] - callback that handles the response","     * @memberof Tag","     */","    Tag.prototype.tag = function(name, resources, callback) {","      var attributes = { \"resources\": resources };","      var url = util.safeUrl('tags', name, 'resources');","      return this.client.post(url, attributes, 204, [], callback);","    };","","    /**","     * Unassociate the identified tag with the identified resources.","     *","     * @param {string} name - The name of the tag to udpate","     * @param {Resources[]} resources - An array of objects each with keys of resource_id and resource_type.","     * @param {requestCallback} [callback] - callback that handles the response","     * @memberof Tag","     */","    Tag.prototype.untag = function(name, resources, callback) {","      var attributes = { \"resources\": resources };","      var url = util.safeUrl('tags', name, 'resources');","      return this.client.delete(url, attributes, 204, [], callback);","    };","","    /**","     * Delete the identified tag object.","     *","     * @param {string} name - The name of the tag to delete","     * @param {requestCallback} [callback] - callback that handles the response","     * @memberof Tag","     */","    Tag.prototype.delete = function(name, callback) {","      var url = util.safeUrl('tags', name);","      return this.client.delete(url, {}, 204, [], callback);","    };","","    return Tag;","  })();","","  module.exports = Tag;","}).call(this);"],"l":{"1":1,"2":1,"9":1,"10":1,"11":0,"22":1,"23":0,"24":0,"34":1,"35":0,"45":1,"46":0,"47":0,"58":1,"59":0,"60":0,"78":1,"79":0,"80":0,"81":0,"92":1,"93":0,"94":0,"95":0,"105":1,"106":0,"107":0,"110":1,"113":1}},"/home/travis/build/npmtest/node-npmtest-digitalocean/node_modules/digitalocean/lib/digitalocean/error.js":{"path":"/home/travis/build/npmtest/node-npmtest-digitalocean/node_modules/digitalocean/lib/digitalocean/error.js","s":{"1":1,"2":1,"3":1,"4":2,"5":2,"6":1,"7":1,"8":1,"9":1,"10":1,"11":1,"12":1,"13":1,"14":1,"15":0,"16":0,"17":0,"18":0,"19":1,"20":1},"b":{"1":[2,0]},"f":{"1":1,"2":1,"3":1,"4":1,"5":0},"fnMap":{"1":{"name":"(anonymous_1)","line":1,"loc":{"start":{"line":1,"column":1},"end":{"line":1,"column":12}}},"2":{"name":"(anonymous_2)","line":2,"loc":{"start":{"line":2,"column":15},"end":{"line":2,"column":39}}},"3":{"name":"Constructor","line":9,"loc":{"start":{"line":9,"column":6},"end":{"line":9,"column":29}}},"4":{"name":"(anonymous_4)","line":19,"loc":{"start":{"line":19,"column":27},"end":{"line":19,"column":48}}},"5":{"name":"DigitalOceanError","line":22,"loc":{"start":{"line":22,"column":4},"end":{"line":22,"column":67}}}},"statementMap":{"1":{"start":{"line":1,"column":0},"end":{"line":32,"column":14}},"2":{"start":{"line":2,"column":2},"end":{"line":17,"column":32}},"3":{"start":{"line":3,"column":6},"end":{"line":7,"column":7}},"4":{"start":{"line":4,"column":8},"end":{"line":6,"column":9}},"5":{"start":{"line":5,"column":10},"end":{"line":5,"column":35}},"6":{"start":{"line":9,"column":6},"end":{"line":11,"column":7}},"7":{"start":{"line":10,"column":8},"end":{"line":10,"column":33}},"8":{"start":{"line":12,"column":6},"end":{"line":12,"column":47}},"9":{"start":{"line":13,"column":6},"end":{"line":13,"column":42}},"10":{"start":{"line":14,"column":6},"end":{"line":14,"column":41}},"11":{"start":{"line":15,"column":6},"end":{"line":15,"column":19}},"12":{"start":{"line":19,"column":2},"end":{"line":29,"column":12}},"13":{"start":{"line":20,"column":4},"end":{"line":20,"column":42}},"14":{"start":{"line":22,"column":4},"end":{"line":27,"column":5}},"15":{"start":{"line":23,"column":6},"end":{"line":23,"column":29}},"16":{"start":{"line":24,"column":6},"end":{"line":24,"column":35}},"17":{"start":{"line":25,"column":6},"end":{"line":25,"column":29}},"18":{"start":{"line":26,"column":6},"end":{"line":26,"column":23}},"19":{"start":{"line":28,"column":4},"end":{"line":28,"column":29}},"20":{"start":{"line":31,"column":2},"end":{"line":31,"column":37}}},"branchMap":{"1":{"line":4,"type":"if","locations":[{"start":{"line":4,"column":8},"end":{"line":4,"column":8}},{"start":{"line":4,"column":8},"end":{"line":4,"column":8}}]}},"code":["(function() {","  var extend = function(child, parent) {","      for (var key in parent) {","        if (hasProp.call(parent, key)) {","          child[key] = parent[key];","        }","      }","","      function Constructor() {","        this.constructor = child;","      }","      Constructor.prototype = parent.prototype;","      child.prototype = new Constructor();","      child.__super__ = parent.prototype;","      return child;","    },","    hasProp = {}.hasOwnProperty;","","  var DigitalOceanError = (function(superClass) {","    extend(DigitalOceanError, superClass);","","    function DigitalOceanError(message, statusCode, headers, body) {","      this.message = message;","      this.statusCode = statusCode;","      this.headers = headers;","      this.body = body;","    }","    return DigitalOceanError;","  })(Error);","","  module.exports = DigitalOceanError;","}).call(this);"],"l":{"1":1,"2":1,"3":1,"4":2,"5":2,"9":1,"10":1,"12":1,"13":1,"14":1,"15":1,"19":1,"20":1,"22":1,"23":0,"24":0,"25":0,"26":0,"28":1,"31":1}}}